# JRE version: OpenJDK Runtime Environment (8.0_222-b10) (build 1.8.0_222-b10)
# Java VM: OpenJDK 64-Bit Server VM (25.222-b10 mixed mode windows-amd64 compressed oops)
Heap:
 PSYoungGen      total 20480K, used 4456K [0x00000000f5b80000, 0x00000000f7280000, 0x0000000100000000)
  eden space 17408K, 8% used [0x00000000f5b80000,0x00000000f5cddf98,0x00000000f6c80000)
  from space 3072K, 99% used [0x00000000f6c80000,0x00000000f6f7c0a0,0x00000000f6f80000)
  to   space 3072K, 0% used [0x00000000f6f80000,0x00000000f6f80000,0x00000000f7280000)
 ParOldGen       total 22016K, used 7661K [0x00000000e1200000, 0x00000000e2780000, 0x00000000f5b80000)
  object space 22016K, 34% used [0x00000000e1200000,0x00000000e197b680,0x00000000e2780000)
 Metaspace       used 12616K, capacity 12870K, committed 12928K, reserved 1060864K
  class space    used 1557K, capacity 1643K, committed 1664K, reserved 1048576K
GC Heap History (10 events):
Event: 8.086 GC heap before
{Heap before GC invocations=3 (full 0):
 PSYoungGen      total 9728K, used 9725K [0x00000000f5b80000, 0x00000000f6600000, 0x0000000100000000)
  eden space 8704K, 100% used [0x00000000f5b80000,0x00000000f6400000,0x00000000f6400000)
  from space 1024K, 99% used [0x00000000f6500000,0x00000000f65ff6d8,0x00000000f6600000)
  to   space 1024K, 0% used [0x00000000f6400000,0x00000000f6400000,0x00000000f6500000)
 ParOldGen       total 22016K, used 2881K [0x00000000e1200000, 0x00000000e2780000, 0x00000000f5b80000)
  object space 22016K, 13% used [0x00000000e1200000,0x00000000e14d04d0,0x00000000e2780000)
 Metaspace       used 7865K, capacity 8072K, committed 8192K, reserved 1056768K
  class space    used 924K, capacity 988K, committed 1024K, reserved 1048576K
Event: 8.095 GC heap after
Heap after GC invocations=3 (full 0):
 PSYoungGen      total 9728K, used 1002K [0x00000000f5b80000, 0x00000000f6600000, 0x0000000100000000)
  eden space 8704K, 0% used [0x00000000f5b80000,0x00000000f5b80000,0x00000000f6400000)
  from space 1024K, 97% used [0x00000000f6400000,0x00000000f64fab68,0x00000000f6500000)
  to   space 1024K, 0% used [0x00000000f6500000,0x00000000f6500000,0x00000000f6600000)
 ParOldGen       total 22016K, used 3805K [0x00000000e1200000, 0x00000000e2780000, 0x00000000f5b80000)
  object space 22016K, 17% used [0x00000000e1200000,0x00000000e15b7580,0x00000000e2780000)
 Metaspace       used 7865K, capacity 8072K, committed 8192K, reserved 1056768K
  class space    used 924K, capacity 988K, committed 1024K, reserved 1048576K
}
Event: 8.858 GC heap before
{Heap before GC invocations=4 (full 0):
 PSYoungGen      total 9728K, used 9706K [0x00000000f5b80000, 0x00000000f6600000, 0x0000000100000000)
  eden space 8704K, 100% used [0x00000000f5b80000,0x00000000f6400000,0x00000000f6400000)
  from space 1024K, 97% used [0x00000000f6400000,0x00000000f64fab68,0x00000000f6500000)
  to   space 1024K, 0% used [0x00000000f6500000,0x00000000f6500000,0x00000000f6600000)
 ParOldGen       total 22016K, used 3805K [0x00000000e1200000, 0x00000000e2780000, 0x00000000f5b80000)
  object space 22016K, 17% used [0x00000000e1200000,0x00000000e15b7580,0x00000000e2780000)
 Metaspace       used 8593K, capacity 8788K, committed 9088K, reserved 1056768K
  class space    used 1011K, capacity 1054K, committed 1152K, reserved 1048576K
Event: 8.869 GC heap after
Heap after GC invocations=4 (full 0):
 PSYoungGen      total 9728K, used 1024K [0x00000000f5b80000, 0x00000000f6600000, 0x0000000100000000)
  eden space 8704K, 0% used [0x00000000f5b80000,0x00000000f5b80000,0x00000000f6400000)
  from space 1024K, 100% used [0x00000000f6500000,0x00000000f6600000,0x00000000f6600000)
  to   space 1024K, 0% used [0x00000000f6400000,0x00000000f6400000,0x00000000f6500000)
 ParOldGen       total 22016K, used 4923K [0x00000000e1200000, 0x00000000e2780000, 0x00000000f5b80000)
  object space 22016K, 22% used [0x00000000e1200000,0x00000000e16cece8,0x00000000e2780000)
 Metaspace       used 8593K, capacity 8788K, committed 9088K, reserved 1056768K
  class space    used 1011K, capacity 1054K, committed 1152K, reserved 1048576K
}
Event: 9.399 GC heap before
{Heap before GC invocations=5 (full 0):
 PSYoungGen      total 9728K, used 9728K [0x00000000f5b80000, 0x00000000f6600000, 0x0000000100000000)
  eden space 8704K, 100% used [0x00000000f5b80000,0x00000000f6400000,0x00000000f6400000)
  from space 1024K, 100% used [0x00000000f6500000,0x00000000f6600000,0x00000000f6600000)
  to   space 1024K, 0% used [0x00000000f6400000,0x00000000f6400000,0x00000000f6500000)
 ParOldGen       total 22016K, used 4923K [0x00000000e1200000, 0x00000000e2780000, 0x00000000f5b80000)
  object space 22016K, 22% used [0x00000000e1200000,0x00000000e16cece8,0x00000000e2780000)
 Metaspace       used 9242K, capacity 9402K, committed 9600K, reserved 1058816K
  class space    used 1097K, capacity 1151K, committed 1152K, reserved 1048576K
Event: 9.412 GC heap after
Heap after GC invocations=5 (full 0):
 PSYoungGen      total 9728K, used 1008K [0x00000000f5b80000, 0x00000000f7280000, 0x0000000100000000)
  eden space 8704K, 0% used [0x00000000f5b80000,0x00000000f5b80000,0x00000000f6400000)
  from space 1024K, 98% used [0x00000000f6400000,0x00000000f64fc010,0x00000000f6500000)
  to   space 3072K, 0% used [0x00000000f6f80000,0x00000000f6f80000,0x00000000f7280000)
 ParOldGen       total 22016K, used 6344K [0x00000000e1200000, 0x00000000e2780000, 0x00000000f5b80000)
  object space 22016K, 28% used [0x00000000e1200000,0x00000000e1832318,0x00000000e2780000)
 Metaspace       used 9242K, capacity 9402K, committed 9600K, reserved 1058816K
  class space    used 1097K, capacity 1151K, committed 1152K, reserved 1048576K
}
Event: 10.338 GC heap before
{Heap before GC invocations=6 (full 0):
 PSYoungGen      total 9728K, used 9712K [0x00000000f5b80000, 0x00000000f7280000, 0x0000000100000000)
  eden space 8704K, 100% used [0x00000000f5b80000,0x00000000f6400000,0x00000000f6400000)
  from space 1024K, 98% used [0x00000000f6400000,0x00000000f64fc010,0x00000000f6500000)
  to   space 3072K, 0% used [0x00000000f6f80000,0x00000000f6f80000,0x00000000f7280000)
 ParOldGen       total 22016K, used 6344K [0x00000000e1200000, 0x00000000e2780000, 0x00000000f5b80000)
  object space 22016K, 28% used [0x00000000e1200000,0x00000000e1832318,0x00000000e2780000)
 Metaspace       used 10419K, capacity 10604K, committed 10880K, reserved 1058816K
  class space    used 1244K, capacity 1320K, committed 1408K, reserved 1048576K
Event: 10.350 GC heap after
Heap after GC invocations=6 (full 0):
 PSYoungGen      total 20480K, used 2489K [0x00000000f5b80000, 0x00000000f7280000, 0x0000000100000000)
  eden space 17408K, 0% used [0x00000000f5b80000,0x00000000f5b80000,0x00000000f6c80000)
  from space 3072K, 81% used [0x00000000f6f80000,0x00000000f71ee588,0x00000000f7280000)
  to   space 3072K, 0% used [0x00000000f6c80000,0x00000000f6c80000,0x00000000f6f80000)
 ParOldGen       total 22016K, used 6352K [0x00000000e1200000, 0x00000000e2780000, 0x00000000f5b80000)
  object space 22016K, 28% used [0x00000000e1200000,0x00000000e1834318,0x00000000e2780000)
 Metaspace       used 10419K, capacity 10604K, committed 10880K, reserved 1058816K
  class space    used 1244K, capacity 1320K, committed 1408K, reserved 1048576K
}
Event: 12.037 GC heap before
{Heap before GC invocations=7 (full 0):
 PSYoungGen      total 20480K, used 19897K [0x00000000f5b80000, 0x00000000f7280000, 0x0000000100000000)
  eden space 17408K, 100% used [0x00000000f5b80000,0x00000000f6c80000,0x00000000f6c80000)
  from space 3072K, 81% used [0x00000000f6f80000,0x00000000f71ee588,0x00000000f7280000)
  to   space 3072K, 0% used [0x00000000f6c80000,0x00000000f6c80000,0x00000000f6f80000)
 ParOldGen       total 22016K, used 6352K [0x00000000e1200000, 0x00000000e2780000, 0x00000000f5b80000)
  object space 22016K, 28% used [0x00000000e1200000,0x00000000e1834318,0x00000000e2780000)
 Metaspace       used 12448K, capacity 12736K, committed 12928K, reserved 1060864K
  class space    used 1536K, capacity 1642K, committed 1664K, reserved 1048576K
Event: 12.055 GC heap after
Heap after GC invocations=7 (full 0):
 PSYoungGen      total 20480K, used 3056K [0x00000000f5b80000, 0x00000000f7280000, 0x0000000100000000)
  eden space 17408K, 0% used [0x00000000f5b80000,0x00000000f5b80000,0x00000000f6c80000)
  from space 3072K, 99% used [0x00000000f6c80000,0x00000000f6f7c0a0,0x00000000f6f80000)
  to   space 3072K, 0% used [0x00000000f6f80000,0x00000000f6f80000,0x00000000f7280000)
 ParOldGen       total 22016K, used 7661K [0x00000000e1200000, 0x00000000e2780000, 0x00000000f5b80000)
  object space 22016K, 34% used [0x00000000e1200000,0x00000000e197b680,0x00000000e2780000)
 Metaspace       used 12448K, capacity 12736K, committed 12928K, reserved 1060864K
  class space    used 1536K, capacity 1642K, committed 1664K, reserved 1048576K
}

