# JRE version: OpenJDK Runtime Environment (8.0_222-b10) (build 1.8.0_222-b10)
# Java VM: OpenJDK 64-Bit Server VM (25.222-b10 mixed mode windows-amd64 compressed oops)
Heap:
 garbage-first heap   total 183296K, used 114176K [0x00000000c0000000, 0x00000000c0100598, 0x0000000100000000)
  region size 1024K, 21 young (21504K), 1 survivors (1024K)
 Metaspace       used 53013K, capacity 55964K, committed 56192K, reserved 1099776K
  class space    used 5265K, capacity 6176K, committed 6272K, reserved 1048576K
GC Heap History (10 events):
Event: 321.489 GC heap before
{Heap before GC invocations=58 (full 0):
 garbage-first heap   total 183296K, used 150018K [0x00000000c0000000, 0x00000000c0100598, 0x0000000100000000)
  region size 1024K, 38 young (38912K), 8 survivors (8192K)
 Metaspace       used 52722K, capacity 55756K, committed 55936K, reserved 1099776K
  class space    used 5231K, capacity 6174K, committed 6272K, reserved 1048576K
Event: 321.550 GC heap after
Heap after GC invocations=59 (full 0):
 garbage-first heap   total 183296K, used 123394K [0x00000000c0000000, 0x00000000c0100598, 0x0000000100000000)
  region size 1024K, 5 young (5120K), 5 survivors (5120K)
 Metaspace       used 52722K, capacity 55756K, committed 55936K, reserved 1099776K
  class space    used 5231K, capacity 6174K, committed 6272K, reserved 1048576K
}
Event: 322.869 GC heap before
{Heap before GC invocations=60 (full 0):
 garbage-first heap   total 183296K, used 130048K [0x00000000c0000000, 0x00000000c0100598, 0x0000000100000000)
  region size 1024K, 33 young (33792K), 5 survivors (5120K)
 Metaspace       used 52998K, capacity 55946K, committed 56192K, reserved 1099776K
  class space    used 5263K, capacity 6173K, committed 6272K, reserved 1048576K
Event: 322.923 GC heap after
Heap after GC invocations=61 (full 0):
 garbage-first heap   total 183296K, used 106496K [0x00000000c0000000, 0x00000000c0100598, 0x0000000100000000)
  region size 1024K, 5 young (5120K), 5 survivors (5120K)
 Metaspace       used 52998K, capacity 55946K, committed 56192K, reserved 1099776K
  class space    used 5263K, capacity 6173K, committed 6272K, reserved 1048576K
}
Event: 323.004 GC heap before
{Heap before GC invocations=61 (full 0):
 garbage-first heap   total 183296K, used 109568K [0x00000000c0000000, 0x00000000c0100598, 0x0000000100000000)
  region size 1024K, 8 young (8192K), 5 survivors (5120K)
 Metaspace       used 52998K, capacity 55946K, committed 56192K, reserved 1099776K
  class space    used 5263K, capacity 6173K, committed 6272K, reserved 1048576K
Event: 323.086 GC heap after
Heap after GC invocations=62 (full 0):
 garbage-first heap   total 183296K, used 99328K [0x00000000c0000000, 0x00000000c0100598, 0x0000000100000000)
  region size 1024K, 1 young (1024K), 1 survivors (1024K)
 Metaspace       used 52998K, capacity 55946K, committed 56192K, reserved 1099776K
  class space    used 5263K, capacity 6173K, committed 6272K, reserved 1048576K
}
Event: 323.338 GC heap before
{Heap before GC invocations=62 (full 0):
 garbage-first heap   total 183296K, used 106496K [0x00000000c0000000, 0x00000000c0100598, 0x0000000100000000)
  region size 1024K, 8 young (8192K), 1 survivors (1024K)
 Metaspace       used 52998K, capacity 55946K, committed 56192K, reserved 1099776K
  class space    used 5263K, capacity 6173K, committed 6272K, reserved 1048576K
Event: 323.442 GC heap after
Heap after GC invocations=63 (full 0):
 garbage-first heap   total 183296K, used 94720K [0x00000000c0000000, 0x00000000c0100598, 0x0000000100000000)
  region size 1024K, 1 young (1024K), 1 survivors (1024K)
 Metaspace       used 52998K, capacity 55946K, committed 56192K, reserved 1099776K
  class space    used 5263K, capacity 6173K, committed 6272K, reserved 1048576K
}
Event: 323.573 GC heap before
{Heap before GC invocations=63 (full 0):
 garbage-first heap   total 183296K, used 101888K [0x00000000c0000000, 0x00000000c0100598, 0x0000000100000000)
  region size 1024K, 8 young (8192K), 1 survivors (1024K)
 Metaspace       used 52999K, capacity 55946K, committed 56192K, reserved 1099776K
  class space    used 5263K, capacity 6173K, committed 6272K, reserved 1048576K
Event: 323.664 GC heap after
Heap after GC invocations=64 (full 0):
 garbage-first heap   total 183296K, used 94720K [0x00000000c0000000, 0x00000000c0100598, 0x0000000100000000)
  region size 1024K, 1 young (1024K), 1 survivors (1024K)
 Metaspace       used 52999K, capacity 55946K, committed 56192K, reserved 1099776K
  class space    used 5263K, capacity 6173K, committed 6272K, reserved 1048576K
}

