# JRE version: OpenJDK Runtime Environment (8.0_222-b10) (build 1.8.0_222-b10)
# Java VM: OpenJDK 64-Bit Server VM (25.222-b10 mixed mode windows-amd64 compressed oops)
Heap:
 garbage-first heap   total 419840K, used 71045K [0x00000000c0000000, 0x00000000c0100cd0, 0x0000000100000000)
  region size 1024K, 19 young (19456K), 19 survivors (19456K)
 Metaspace       used 46163K, capacity 48994K, committed 49152K, reserved 1093632K
  class space    used 4692K, capacity 5555K, committed 5632K, reserved 1048576K
GC Heap History (10 events):
Event: 83.070 GC heap after
Heap after GC invocations=103 (full 0):
 garbage-first heap   total 65536K, used 50060K [0x00000000c0000000, 0x00000000c0100200, 0x0000000100000000)
  region size 1024K, 2 young (2048K), 2 survivors (2048K)
 Metaspace       used 46040K, capacity 48830K, committed 49152K, reserved 1093632K
  class space    used 4686K, capacity 5546K, committed 5632K, reserved 1048576K
}
Event: 83.248 GC heap before
{Heap before GC invocations=103 (full 0):
 garbage-first heap   total 65536K, used 56204K [0x00000000c0000000, 0x00000000c0100200, 0x0000000100000000)
  region size 1024K, 8 young (8192K), 2 survivors (2048K)
 Metaspace       used 46042K, capacity 48830K, committed 49152K, reserved 1093632K
  class space    used 4686K, capacity 5546K, committed 5632K, reserved 1048576K
Event: 83.266 GC heap after
Heap after GC invocations=104 (full 0):
 garbage-first heap   total 65536K, used 52012K [0x00000000c0000000, 0x00000000c0100200, 0x0000000100000000)
  region size 1024K, 1 young (1024K), 1 survivors (1024K)
 Metaspace       used 46042K, capacity 48830K, committed 49152K, reserved 1093632K
  class space    used 4686K, capacity 5546K, committed 5632K, reserved 1048576K
}
Event: 83.341 GC heap before
{Heap before GC invocations=104 (full 0):
 garbage-first heap   total 65536K, used 56108K [0x00000000c0000000, 0x00000000c0100200, 0x0000000100000000)
  region size 1024K, 5 young (5120K), 1 survivors (1024K)
 Metaspace       used 46042K, capacity 48830K, committed 49152K, reserved 1093632K
  class space    used 4686K, capacity 5546K, committed 5632K, reserved 1048576K
Event: 83.354 GC heap after
Heap after GC invocations=105 (full 0):
 garbage-first heap   total 65536K, used 53457K [0x00000000c0000000, 0x00000000c0100200, 0x0000000100000000)
  region size 1024K, 1 young (1024K), 1 survivors (1024K)
 Metaspace       used 46042K, capacity 48830K, committed 49152K, reserved 1093632K
  class space    used 4686K, capacity 5546K, committed 5632K, reserved 1048576K
}
Event: 83.481 GC heap before
{Heap before GC invocations=106 (full 0):
 garbage-first heap   total 65536K, used 56529K [0x00000000c0000000, 0x00000000c0100200, 0x0000000100000000)
  region size 1024K, 4 young (4096K), 1 survivors (1024K)
 Metaspace       used 46043K, capacity 48830K, committed 49152K, reserved 1093632K
  class space    used 4686K, capacity 5546K, committed 5632K, reserved 1048576K
Event: 83.498 GC heap after
Heap after GC invocations=107 (full 0):
 garbage-first heap   total 131072K, used 53370K [0x00000000c0000000, 0x00000000c0100400, 0x0000000100000000)
  region size 1024K, 1 young (1024K), 1 survivors (1024K)
 Metaspace       used 46043K, capacity 48830K, committed 49152K, reserved 1093632K
  class space    used 4686K, capacity 5546K, committed 5632K, reserved 1048576K
}
Event: 83.590 GC heap before
{Heap before GC invocations=107 (full 0):
 garbage-first heap   total 131072K, used 58490K [0x00000000c0000000, 0x00000000c0100400, 0x0000000100000000)
  region size 1024K, 6 young (6144K), 1 survivors (1024K)
 Metaspace       used 46048K, capacity 48830K, committed 49152K, reserved 1093632K
  class space    used 4686K, capacity 5546K, committed 5632K, reserved 1048576K
Event: 83.616 GC heap after
Heap after GC invocations=108 (full 0):
 garbage-first heap   total 262144K, used 52214K [0x00000000c0000000, 0x00000000c0100800, 0x0000000100000000)
  region size 1024K, 1 young (1024K), 1 survivors (1024K)
 Metaspace       used 46048K, capacity 48830K, committed 49152K, reserved 1093632K
  class space    used 4686K, capacity 5546K, committed 5632K, reserved 1048576K
}
Event: 89.344 GC heap before
{Heap before GC invocations=108 (full 0):
 garbage-first heap   total 262144K, used 208726K [0x00000000c0000000, 0x00000000c0100800, 0x0000000100000000)
  region size 1024K, 153 young (156672K), 1 survivors (1024K)
 Metaspace       used 46163K, capacity 48994K, committed 49152K, reserved 1093632K
  class space    used 4692K, capacity 5555K, committed 5632K, reserved 1048576K

