# JRE version: OpenJDK Runtime Environment (8.0_222-b10) (build 1.8.0_222-b10)
# Java VM: OpenJDK 64-Bit Server VM (25.222-b10 mixed mode windows-amd64 compressed oops)
Heap:
 PSYoungGen      total 40960K, used 33768K [0x00000000f5b80000, 0x00000000fab80000, 0x0000000100000000)
  eden space 34304K, 79% used [0x00000000f5b80000,0x00000000f76021b0,0x00000000f7d00000)
  from space 6656K, 99% used [0x00000000fa500000,0x00000000fab78020,0x00000000fab80000)
  to   space 4608K, 0% used [0x00000000f7d00000,0x00000000f7d00000,0x00000000f8180000)
 ParOldGen       total 22016K, used 13839K [0x00000000e1200000, 0x00000000e2780000, 0x00000000f5b80000)
  object space 22016K, 62% used [0x00000000e1200000,0x00000000e1f83ee0,0x00000000e2780000)
 Metaspace       used 15901K, capacity 16178K, committed 16256K, reserved 1062912K
  class space    used 1824K, capacity 1917K, committed 1920K, reserved 1048576K
GC Heap History (10 events):
Event: 30.308 GC heap before
{Heap before GC invocations=4 (full 0):
 PSYoungGen      total 9728K, used 9712K [0x00000000f5b80000, 0x00000000f6e80000, 0x0000000100000000)
  eden space 8704K, 100% used [0x00000000f5b80000,0x00000000f6400000,0x00000000f6400000)
  from space 1024K, 98% used [0x00000000f6400000,0x00000000f64fc010,0x00000000f6500000)
  to   space 1024K, 0% used [0x00000000f6d80000,0x00000000f6d80000,0x00000000f6e80000)
 ParOldGen       total 22016K, used 3702K [0x00000000e1200000, 0x00000000e2780000, 0x00000000f5b80000)
  object space 22016K, 16% used [0x00000000e1200000,0x00000000e159d948,0x00000000e2780000)
 Metaspace       used 8595K, capacity 8788K, committed 9088K, reserved 1056768K
  class space    used 1012K, capacity 1054K, committed 1152K, reserved 1048576K
Event: 30.344 GC heap after
Heap after GC invocations=4 (full 0):
 PSYoungGen      total 18432K, used 992K [0x00000000f5b80000, 0x00000000f6e80000, 0x0000000100000000)
  eden space 17408K, 0% used [0x00000000f5b80000,0x00000000f5b80000,0x00000000f6c80000)
  from space 1024K, 96% used [0x00000000f6d80000,0x00000000f6e78020,0x00000000f6e80000)
  to   space 1024K, 0% used [0x00000000f6c80000,0x00000000f6c80000,0x00000000f6d80000)
 ParOldGen       total 22016K, used 4844K [0x00000000e1200000, 0x00000000e2780000, 0x00000000f5b80000)
  object space 22016K, 22% used [0x00000000e1200000,0x00000000e16bb1a8,0x00000000e2780000)
 Metaspace       used 8595K, capacity 8788K, committed 9088K, reserved 1056768K
  class space    used 1012K, capacity 1054K, committed 1152K, reserved 1048576K
}
Event: 37.733 GC heap before
{Heap before GC invocations=5 (full 0):
 PSYoungGen      total 18432K, used 18400K [0x00000000f5b80000, 0x00000000f6e80000, 0x0000000100000000)
  eden space 17408K, 100% used [0x00000000f5b80000,0x00000000f6c80000,0x00000000f6c80000)
  from space 1024K, 96% used [0x00000000f6d80000,0x00000000f6e78020,0x00000000f6e80000)
  to   space 1024K, 0% used [0x00000000f6c80000,0x00000000f6c80000,0x00000000f6d80000)
 ParOldGen       total 22016K, used 4844K [0x00000000e1200000, 0x00000000e2780000, 0x00000000f5b80000)
  object space 22016K, 22% used [0x00000000e1200000,0x00000000e16bb1a8,0x00000000e2780000)
 Metaspace       used 10415K, capacity 10604K, committed 10880K, reserved 1058816K
  class space    used 1245K, capacity 1320K, committed 1408K, reserved 1048576K
Event: 37.789 GC heap after
Heap after GC invocations=5 (full 0):
 PSYoungGen      total 18432K, used 1024K [0x00000000f5b80000, 0x00000000f8580000, 0x0000000100000000)
  eden space 17408K, 0% used [0x00000000f5b80000,0x00000000f5b80000,0x00000000f6c80000)
  from space 1024K, 100% used [0x00000000f6c80000,0x00000000f6d80000,0x00000000f6d80000)
  to   space 4096K, 0% used [0x00000000f8180000,0x00000000f8180000,0x00000000f8580000)
 ParOldGen       total 22016K, used 7542K [0x00000000e1200000, 0x00000000e2780000, 0x00000000f5b80000)
  object space 22016K, 34% used [0x00000000e1200000,0x00000000e195d840,0x00000000e2780000)
 Metaspace       used 10415K, capacity 10604K, committed 10880K, reserved 1058816K
  class space    used 1245K, capacity 1320K, committed 1408K, reserved 1048576K
}
Event: 42.580 GC heap before
{Heap before GC invocations=6 (full 0):
 PSYoungGen      total 18432K, used 18432K [0x00000000f5b80000, 0x00000000f8580000, 0x0000000100000000)
  eden space 17408K, 100% used [0x00000000f5b80000,0x00000000f6c80000,0x00000000f6c80000)
  from space 1024K, 100% used [0x00000000f6c80000,0x00000000f6d80000,0x00000000f6d80000)
  to   space 4096K, 0% used [0x00000000f8180000,0x00000000f8180000,0x00000000f8580000)
 ParOldGen       total 22016K, used 7542K [0x00000000e1200000, 0x00000000e2780000, 0x00000000f5b80000)
  object space 22016K, 34% used [0x00000000e1200000,0x00000000e195d840,0x00000000e2780000)
 Metaspace       used 12477K, capacity 12736K, committed 12928K, reserved 1060864K
  class space    used 1535K, capacity 1642K, committed 1664K, reserved 1048576K
Event: 42.608 GC heap after
Heap after GC invocations=6 (full 0):
 PSYoungGen      total 38400K, used 4062K [0x00000000f5b80000, 0x00000000f8680000, 0x0000000100000000)
  eden space 34304K, 0% used [0x00000000f5b80000,0x00000000f5b80000,0x00000000f7d00000)
  from space 4096K, 99% used [0x00000000f8180000,0x00000000f8577a18,0x00000000f8580000)
  to   space 4608K, 0% used [0x00000000f7d00000,0x00000000f7d00000,0x00000000f8180000)
 ParOldGen       total 22016K, used 7550K [0x00000000e1200000, 0x00000000e2780000, 0x00000000f5b80000)
  object space 22016K, 34% used [0x00000000e1200000,0x00000000e195f840,0x00000000e2780000)
 Metaspace       used 12477K, capacity 12736K, committed 12928K, reserved 1060864K
  class space    used 1535K, capacity 1642K, committed 1664K, reserved 1048576K
}
Event: 60.432 GC heap before
{Heap before GC invocations=7 (full 0):
 PSYoungGen      total 38400K, used 38366K [0x00000000f5b80000, 0x00000000f8680000, 0x0000000100000000)
  eden space 34304K, 100% used [0x00000000f5b80000,0x00000000f7d00000,0x00000000f7d00000)
  from space 4096K, 99% used [0x00000000f8180000,0x00000000f8577a18,0x00000000f8580000)
  to   space 4608K, 0% used [0x00000000f7d00000,0x00000000f7d00000,0x00000000f8180000)
 ParOldGen       total 22016K, used 7550K [0x00000000e1200000, 0x00000000e2780000, 0x00000000f5b80000)
  object space 22016K, 34% used [0x00000000e1200000,0x00000000e195f840,0x00000000e2780000)
 Metaspace       used 15257K, capacity 15540K, committed 15744K, reserved 1062912K
  class space    used 1794K, capacity 1880K, committed 1920K, reserved 1048576K
Event: 60.579 GC heap after
Heap after GC invocations=7 (full 0):
 PSYoungGen      total 38912K, used 4592K [0x00000000f5b80000, 0x00000000fab80000, 0x0000000100000000)
  eden space 34304K, 0% used [0x00000000f5b80000,0x00000000f5b80000,0x00000000f7d00000)
  from space 4608K, 99% used [0x00000000f7d00000,0x00000000f817c010,0x00000000f8180000)
  to   space 6656K, 0% used [0x00000000fa500000,0x00000000fa500000,0x00000000fab80000)
 ParOldGen       total 22016K, used 10549K [0x00000000e1200000, 0x00000000e2780000, 0x00000000f5b80000)
  object space 22016K, 47% used [0x00000000e1200000,0x00000000e1c4d658,0x00000000e2780000)
 Metaspace       used 15257K, capacity 15540K, committed 15744K, reserved 1062912K
  class space    used 1794K, capacity 1880K, committed 1920K, reserved 1048576K
}
Event: 64.857 GC heap before
{Heap before GC invocations=8 (full 0):
 PSYoungGen      total 38912K, used 38896K [0x00000000f5b80000, 0x00000000fab80000, 0x0000000100000000)
  eden space 34304K, 100% used [0x00000000f5b80000,0x00000000f7d00000,0x00000000f7d00000)
  from space 4608K, 99% used [0x00000000f7d00000,0x00000000f817c010,0x00000000f8180000)
  to   space 6656K, 0% used [0x00000000fa500000,0x00000000fa500000,0x00000000fab80000)
 ParOldGen       total 22016K, used 10549K [0x00000000e1200000, 0x00000000e2780000, 0x00000000f5b80000)
  object space 22016K, 47% used [0x00000000e1200000,0x00000000e1c4d658,0x00000000e2780000)
 Metaspace       used 15534K, capacity 15776K, committed 16000K, reserved 1062912K
  class space    used 1809K, capacity 1914K, committed 1920K, reserved 1048576K
Event: 64.933 GC heap after
Heap after GC invocations=8 (full 0):
 PSYoungGen      total 40960K, used 6624K [0x00000000f5b80000, 0x00000000fab80000, 0x0000000100000000)
  eden space 34304K, 0% used [0x00000000f5b80000,0x00000000f5b80000,0x00000000f7d00000)
  from space 6656K, 99% used [0x00000000fa500000,0x00000000fab78020,0x00000000fab80000)
  to   space 4608K, 0% used [0x00000000f7d00000,0x00000000f7d00000,0x00000000f8180000)
 ParOldGen       total 22016K, used 13839K [0x00000000e1200000, 0x00000000e2780000, 0x00000000f5b80000)
  object space 22016K, 62% used [0x00000000e1200000,0x00000000e1f83ee0,0x00000000e2780000)
 Metaspace       used 15534K, capacity 15776K, committed 16000K, reserved 1062912K
  class space    used 1809K, capacity 1914K, committed 1920K, reserved 1048576K
}

