# JRE version: OpenJDK Runtime Environment (8.0_222-b10) (build 1.8.0_222-b10)
# Java VM: OpenJDK 64-Bit Server VM (25.222-b10 mixed mode windows-amd64 compressed oops)
Heap:
 garbage-first heap   total 131072K, used 78782K [0x00000000c0000000, 0x00000000c0100400, 0x0000000100000000)
  region size 1024K, 51 young (52224K), 10 survivors (10240K)
 Metaspace       used 48308K, capacity 50916K, committed 51200K, reserved 1095680K
  class space    used 4807K, capacity 5558K, committed 5632K, reserved 1048576K
GC Heap History (10 events):
Event: 78.497 GC heap before
{Heap before GC invocations=96 (full 0):
 garbage-first heap   total 32768K, used 26209K [0x00000000c0000000, 0x00000000c0100100, 0x0000000100000000)
  region size 1024K, 2 young (2048K), 1 survivors (1024K)
 Metaspace       used 40091K, capacity 42712K, committed 43008K, reserved 1087488K
  class space    used 4207K, capacity 5010K, committed 5120K, reserved 1048576K
Event: 78.510 GC heap after
Heap after GC invocations=97 (full 0):
 garbage-first heap   total 65536K, used 25299K [0x00000000c0000000, 0x00000000c0100200, 0x0000000100000000)
  region size 1024K, 1 young (1024K), 1 survivors (1024K)
 Metaspace       used 40091K, capacity 42712K, committed 43008K, reserved 1087488K
  class space    used 4207K, capacity 5010K, committed 5120K, reserved 1048576K
}
Event: 82.063 GC heap before
{Heap before GC invocations=98 (full 0):
 garbage-first heap   total 65536K, used 53971K [0x00000000c0000000, 0x00000000c0100200, 0x0000000100000000)
  region size 1024K, 29 young (29696K), 1 survivors (1024K)
 Metaspace       used 42927K, capacity 45556K, committed 45696K, reserved 1089536K
  class space    used 4398K, capacity 5246K, committed 5248K, reserved 1048576K
Event: 82.091 GC heap after
Heap after GC invocations=99 (full 0):
 garbage-first heap   total 131072K, used 28937K [0x00000000c0000000, 0x00000000c0100400, 0x0000000100000000)
  region size 1024K, 4 young (4096K), 4 survivors (4096K)
 Metaspace       used 42927K, capacity 45556K, committed 45696K, reserved 1089536K
  class space    used 4398K, capacity 5246K, committed 5248K, reserved 1048576K
}
Event: 91.983 GC heap before
{Heap before GC invocations=99 (full 0):
 garbage-first heap   total 131072K, used 101641K [0x00000000c0000000, 0x00000000c0100400, 0x0000000100000000)
  region size 1024K, 75 young (76800K), 4 survivors (4096K)
 Metaspace       used 45535K, capacity 48026K, committed 48256K, reserved 1091584K
  class space    used 4599K, capacity 5405K, committed 5504K, reserved 1048576K
Event: 92.009 GC heap after
Heap after GC invocations=100 (full 0):
 garbage-first heap   total 131072K, used 31497K [0x00000000c0000000, 0x00000000c0100400, 0x0000000100000000)
  region size 1024K, 7 young (7168K), 7 survivors (7168K)
 Metaspace       used 45535K, capacity 48026K, committed 48256K, reserved 1091584K
  class space    used 4599K, capacity 5405K, committed 5504K, reserved 1048576K
}
Event: 105.377 GC heap before
{Heap before GC invocations=100 (full 0):
 garbage-first heap   total 131072K, used 102153K [0x00000000c0000000, 0x00000000c0100400, 0x0000000100000000)
  region size 1024K, 76 young (77824K), 7 survivors (7168K)
 Metaspace       used 47638K, capacity 50146K, committed 50432K, reserved 1093632K
  class space    used 4776K, capacity 5547K, committed 5632K, reserved 1048576K
Event: 105.411 GC heap after
Heap after GC invocations=101 (full 0):
 garbage-first heap   total 131072K, used 34569K [0x00000000c0000000, 0x00000000c0100400, 0x0000000100000000)
  region size 1024K, 10 young (10240K), 10 survivors (10240K)
 Metaspace       used 47638K, capacity 50146K, committed 50432K, reserved 1093632K
  class space    used 4776K, capacity 5547K, committed 5632K, reserved 1048576K
}
Event: 111.689 GC heap before
{Heap before GC invocations=101 (full 0):
 garbage-first heap   total 131072K, used 102153K [0x00000000c0000000, 0x00000000c0100400, 0x0000000100000000)
  region size 1024K, 76 young (77824K), 10 survivors (10240K)
 Metaspace       used 48032K, capacity 50572K, committed 50688K, reserved 1093632K
  class space    used 4802K, capacity 5554K, committed 5632K, reserved 1048576K
Event: 111.756 GC heap after
Heap after GC invocations=102 (full 0):
 garbage-first heap   total 131072K, used 37822K [0x00000000c0000000, 0x00000000c0100400, 0x0000000100000000)
  region size 1024K, 10 young (10240K), 10 survivors (10240K)
 Metaspace       used 48032K, capacity 50572K, committed 50688K, reserved 1093632K
  class space    used 4802K, capacity 5554K, committed 5632K, reserved 1048576K
}

