# JRE version: OpenJDK Runtime Environment (8.0_222-b10) (build 1.8.0_222-b10)
# Java VM: OpenJDK 64-Bit Server VM (25.222-b10 mixed mode windows-amd64 compressed oops)
Heap:
 garbage-first heap   total 32768K, used 25318K [0x00000000c0000000, 0x00000000c0100100, 0x0000000100000000)
  region size 1024K, 12 young (12288K), 2 survivors (2048K)
 Metaspace       used 28191K, capacity 29706K, committed 29952K, reserved 1075200K
  class space    used 2962K, capacity 3498K, committed 3584K, reserved 1048576K
GC Heap History (10 events):
Event: 32.701 GC heap before
{Heap before GC invocations=15 (full 0):
 garbage-first heap   total 32768K, used 21921K [0x00000000c0000000, 0x00000000c0100100, 0x0000000100000000)
  region size 1024K, 7 young (7168K), 2 survivors (2048K)
 Metaspace       used 24595K, capacity 25718K, committed 26112K, reserved 1073152K
  class space    used 2574K, capacity 2952K, committed 3072K, reserved 1048576K
Event: 32.713 GC heap after
Heap after GC invocations=16 (full 0):
 garbage-first heap   total 32768K, used 18184K [0x00000000c0000000, 0x00000000c0100100, 0x0000000100000000)
  region size 1024K, 1 young (1024K), 1 survivors (1024K)
 Metaspace       used 24595K, capacity 25718K, committed 26112K, reserved 1073152K
  class space    used 2574K, capacity 2952K, committed 3072K, reserved 1048576K
}
Event: 32.820 GC heap before
{Heap before GC invocations=16 (full 0):
 garbage-first heap   total 32768K, used 19208K [0x00000000c0000000, 0x00000000c0100100, 0x0000000100000000)
  region size 1024K, 2 young (2048K), 1 survivors (1024K)
 Metaspace       used 24615K, capacity 25740K, committed 26112K, reserved 1073152K
  class space    used 2579K, capacity 2958K, committed 3072K, reserved 1048576K
Event: 32.833 GC heap after
Heap after GC invocations=17 (full 0):
 garbage-first heap   total 32768K, used 15452K [0x00000000c0000000, 0x00000000c0100100, 0x0000000100000000)
  region size 1024K, 1 young (1024K), 1 survivors (1024K)
 Metaspace       used 24615K, capacity 25740K, committed 26112K, reserved 1073152K
  class space    used 2579K, capacity 2958K, committed 3072K, reserved 1048576K
}
Event: 32.923 GC heap before
{Heap before GC invocations=17 (full 0):
 garbage-first heap   total 32768K, used 16476K [0x00000000c0000000, 0x00000000c0100100, 0x0000000100000000)
  region size 1024K, 2 young (2048K), 1 survivors (1024K)
 Metaspace       used 24645K, capacity 25824K, committed 26112K, reserved 1073152K
  class space    used 2587K, capacity 2966K, committed 3072K, reserved 1048576K
Event: 32.938 GC heap after
Heap after GC invocations=18 (full 0):
 garbage-first heap   total 32768K, used 13421K [0x00000000c0000000, 0x00000000c0100100, 0x0000000100000000)
  region size 1024K, 1 young (1024K), 1 survivors (1024K)
 Metaspace       used 24645K, capacity 25824K, committed 26112K, reserved 1073152K
  class space    used 2587K, capacity 2966K, committed 3072K, reserved 1048576K
}
Event: 34.110 GC heap before
{Heap before GC invocations=18 (full 0):
 garbage-first heap   total 32768K, used 25709K [0x00000000c0000000, 0x00000000c0100100, 0x0000000100000000)
  region size 1024K, 13 young (13312K), 1 survivors (1024K)
 Metaspace       used 25408K, capacity 26612K, committed 26752K, reserved 1073152K
  class space    used 2670K, capacity 3102K, committed 3200K, reserved 1048576K
Event: 34.125 GC heap after
Heap after GC invocations=19 (full 0):
 garbage-first heap   total 32768K, used 15311K [0x00000000c0000000, 0x00000000c0100100, 0x0000000100000000)
  region size 1024K, 2 young (2048K), 2 survivors (2048K)
 Metaspace       used 25408K, capacity 26612K, committed 26752K, reserved 1073152K
  class space    used 2670K, capacity 3102K, committed 3200K, reserved 1048576K
}
Event: 35.769 GC heap before
{Heap before GC invocations=19 (full 0):
 garbage-first heap   total 32768K, used 26575K [0x00000000c0000000, 0x00000000c0100100, 0x0000000100000000)
  region size 1024K, 13 young (13312K), 2 survivors (2048K)
 Metaspace       used 25864K, capacity 27172K, committed 27392K, reserved 1073152K
  class space    used 2725K, capacity 3216K, committed 3328K, reserved 1048576K
Event: 35.782 GC heap after
Heap after GC invocations=20 (full 0):
 garbage-first heap   total 32768K, used 16102K [0x00000000c0000000, 0x00000000c0100100, 0x0000000100000000)
  region size 1024K, 2 young (2048K), 2 survivors (2048K)
 Metaspace       used 25864K, capacity 27172K, committed 27392K, reserved 1073152K
  class space    used 2725K, capacity 3216K, committed 3328K, reserved 1048576K
}

