# JRE version: OpenJDK Runtime Environment (8.0_222-b10) (build 1.8.0_222-b10)
# Java VM: OpenJDK 64-Bit Server VM (25.222-b10 mixed mode windows-amd64 compressed oops)
Heap:
 garbage-first heap   total 32768K, used 24473K [0x00000000c0000000, 0x00000000c0100100, 0x0000000100000000)
  region size 1024K, 2 young (2048K), 1 survivors (1024K)
 Metaspace       used 35025K, capacity 37346K, committed 37632K, reserved 1083392K
  class space    used 3727K, capacity 4496K, committed 4608K, reserved 1048576K
GC Heap History (10 events):
Event: 42.548 GC heap before
{Heap before GC invocations=40 (full 0):
 garbage-first heap   total 32768K, used 23545K [0x00000000c0000000, 0x00000000c0100100, 0x0000000100000000)
  region size 1024K, 2 young (2048K), 1 survivors (1024K)
 Metaspace       used 33968K, capacity 36286K, committed 36352K, reserved 1081344K
  class space    used 3621K, capacity 4334K, committed 4352K, reserved 1048576K
Event: 42.561 GC heap after
Heap after GC invocations=41 (full 0):
 garbage-first heap   total 32768K, used 20373K [0x00000000c0000000, 0x00000000c0100100, 0x0000000100000000)
  region size 1024K, 1 young (1024K), 1 survivors (1024K)
 Metaspace       used 33968K, capacity 36286K, committed 36352K, reserved 1081344K
  class space    used 3621K, capacity 4334K, committed 4352K, reserved 1048576K
}
Event: 42.687 GC heap before
{Heap before GC invocations=41 (full 0):
 garbage-first heap   total 32768K, used 21397K [0x00000000c0000000, 0x00000000c0100100, 0x0000000100000000)
  region size 1024K, 2 young (2048K), 1 survivors (1024K)
 Metaspace       used 34182K, capacity 36514K, committed 36736K, reserved 1081344K
  class space    used 3645K, capacity 4432K, committed 4480K, reserved 1048576K
Event: 42.708 GC heap after
Heap after GC invocations=42 (full 0):
 garbage-first heap   total 32768K, used 19938K [0x00000000c0000000, 0x00000000c0100100, 0x0000000100000000)
  region size 1024K, 1 young (1024K), 1 survivors (1024K)
 Metaspace       used 34182K, capacity 36514K, committed 36736K, reserved 1081344K
  class space    used 3645K, capacity 4432K, committed 4480K, reserved 1048576K
}
Event: 42.802 GC heap before
{Heap before GC invocations=42 (full 0):
 garbage-first heap   total 32768K, used 20962K [0x00000000c0000000, 0x00000000c0100100, 0x0000000100000000)
  region size 1024K, 2 young (2048K), 1 survivors (1024K)
 Metaspace       used 34260K, capacity 36642K, committed 36736K, reserved 1081344K
  class space    used 3653K, capacity 4432K, committed 4480K, reserved 1048576K
Event: 42.825 GC heap after
Heap after GC invocations=43 (full 0):
 garbage-first heap   total 32768K, used 21504K [0x00000000c0000000, 0x00000000c0100100, 0x0000000100000000)
  region size 1024K, 1 young (1024K), 1 survivors (1024K)
 Metaspace       used 34260K, capacity 36642K, committed 36736K, reserved 1081344K
  class space    used 3653K, capacity 4432K, committed 4480K, reserved 1048576K
}
Event: 43.825 GC heap before
{Heap before GC invocations=43 (full 0):
 garbage-first heap   total 32768K, used 26624K [0x00000000c0000000, 0x00000000c0100100, 0x0000000100000000)
  region size 1024K, 6 young (6144K), 1 survivors (1024K)
 Metaspace       used 35014K, capacity 37346K, committed 37632K, reserved 1083392K
  class space    used 3727K, capacity 4496K, committed 4608K, reserved 1048576K
Event: 43.842 GC heap after
Heap after GC invocations=44 (full 0):
 garbage-first heap   total 32768K, used 23364K [0x00000000c0000000, 0x00000000c0100100, 0x0000000100000000)
  region size 1024K, 1 young (1024K), 1 survivors (1024K)
 Metaspace       used 35014K, capacity 37346K, committed 37632K, reserved 1083392K
  class space    used 3727K, capacity 4496K, committed 4608K, reserved 1048576K
}
Event: 44.044 GC heap before
{Heap before GC invocations=44 (full 0):
 garbage-first heap   total 32768K, used 27460K [0x00000000c0000000, 0x00000000c0100100, 0x0000000100000000)
  region size 1024K, 5 young (5120K), 1 survivors (1024K)
 Metaspace       used 35025K, capacity 37346K, committed 37632K, reserved 1083392K
  class space    used 3727K, capacity 4496K, committed 4608K, reserved 1048576K
Event: 44.054 GC heap after
Heap after GC invocations=45 (full 0):
 garbage-first heap   total 32768K, used 24473K [0x00000000c0000000, 0x00000000c0100100, 0x0000000100000000)
  region size 1024K, 1 young (1024K), 1 survivors (1024K)
 Metaspace       used 35025K, capacity 37346K, committed 37632K, reserved 1083392K
  class space    used 3727K, capacity 4496K, committed 4608K, reserved 1048576K
}

