# JRE version: OpenJDK Runtime Environment (8.0_222-b10) (build 1.8.0_222-b10)
# Java VM: OpenJDK 64-Bit Server VM (25.222-b10 mixed mode windows-amd64 compressed oops)
Heap:
 garbage-first heap   total 135168K, used 101606K [0x00000000c0000000, 0x00000000c0100420, 0x0000000100000000)
  region size 1024K, 78 young (79872K), 2 survivors (2048K)
 Metaspace       used 44325K, capacity 46656K, committed 46848K, reserved 1091584K
  class space    used 4551K, capacity 5316K, committed 5376K, reserved 1048576K
GC Heap History (10 events):
Event: 41.858 GC heap before
{Heap before GC invocations=66 (full 0):
 garbage-first heap   total 33792K, used 27884K [0x00000000c0000000, 0x00000000c0100108, 0x0000000100000000)
  region size 1024K, 2 young (2048K), 1 survivors (1024K)
 Metaspace       used 39185K, capacity 41638K, committed 41856K, reserved 1085440K
  class space    used 4134K, capacity 4959K, committed 4992K, reserved 1048576K
Event: 41.865 GC heap after
Heap after GC invocations=67 (full 0):
 garbage-first heap   total 33792K, used 26888K [0x00000000c0000000, 0x00000000c0100108, 0x0000000100000000)
  region size 1024K, 1 young (1024K), 1 survivors (1024K)
 Metaspace       used 39185K, capacity 41638K, committed 41856K, reserved 1085440K
  class space    used 4134K, capacity 4959K, committed 4992K, reserved 1048576K
}
Event: 41.920 GC heap before
{Heap before GC invocations=67 (full 0):
 garbage-first heap   total 33792K, used 27912K [0x00000000c0000000, 0x00000000c0100108, 0x0000000100000000)
  region size 1024K, 2 young (2048K), 1 survivors (1024K)
 Metaspace       used 39191K, capacity 41638K, committed 41856K, reserved 1085440K
  class space    used 4134K, capacity 4959K, committed 4992K, reserved 1048576K
Event: 41.938 GC heap after
Heap after GC invocations=68 (full 0):
 garbage-first heap   total 33792K, used 24492K [0x00000000c0000000, 0x00000000c0100108, 0x0000000100000000)
  region size 1024K, 1 young (1024K), 1 survivors (1024K)
 Metaspace       used 39191K, capacity 41638K, committed 41856K, reserved 1085440K
  class space    used 4134K, capacity 4959K, committed 4992K, reserved 1048576K
}
Event: 41.999 GC heap before
{Heap before GC invocations=68 (full 0):
 garbage-first heap   total 33792K, used 25516K [0x00000000c0000000, 0x00000000c0100108, 0x0000000100000000)
  region size 1024K, 2 young (2048K), 1 survivors (1024K)
 Metaspace       used 39197K, capacity 41702K, committed 41856K, reserved 1085440K
  class space    used 4137K, capacity 4959K, committed 4992K, reserved 1048576K
Event: 42.031 GC heap after
Heap after GC invocations=69 (full 0):
 garbage-first heap   total 33792K, used 24016K [0x00000000c0000000, 0x00000000c0100108, 0x0000000100000000)
  region size 1024K, 1 young (1024K), 1 survivors (1024K)
 Metaspace       used 39197K, capacity 41702K, committed 41856K, reserved 1085440K
  class space    used 4137K, capacity 4959K, committed 4992K, reserved 1048576K
}
Event: 42.186 GC heap before
{Heap before GC invocations=69 (full 0):
 garbage-first heap   total 33792K, used 27088K [0x00000000c0000000, 0x00000000c0100108, 0x0000000100000000)
  region size 1024K, 4 young (4096K), 1 survivors (1024K)
 Metaspace       used 39201K, capacity 41702K, committed 41856K, reserved 1085440K
  class space    used 4138K, capacity 4959K, committed 4992K, reserved 1048576K
Event: 42.212 GC heap after
Heap after GC invocations=70 (full 0):
 garbage-first heap   total 67584K, used 23917K [0x00000000c0000000, 0x00000000c0100210, 0x0000000100000000)
  region size 1024K, 1 young (1024K), 1 survivors (1024K)
 Metaspace       used 39201K, capacity 41702K, committed 41856K, reserved 1085440K
  class space    used 4138K, capacity 4959K, committed 4992K, reserved 1048576K
}
Event: 44.702 GC heap before
{Heap before GC invocations=70 (full 0):
 garbage-first heap   total 67584K, used 55661K [0x00000000c0000000, 0x00000000c0100210, 0x0000000100000000)
  region size 1024K, 32 young (32768K), 1 survivors (1024K)
 Metaspace       used 39782K, capacity 42246K, committed 42368K, reserved 1087488K
  class space    used 4178K, capacity 4991K, committed 4992K, reserved 1048576K
Event: 44.722 GC heap after
Heap after GC invocations=71 (full 0):
 garbage-first heap   total 135168K, used 24806K [0x00000000c0000000, 0x00000000c0100420, 0x0000000100000000)
  region size 1024K, 2 young (2048K), 2 survivors (2048K)
 Metaspace       used 39782K, capacity 42246K, committed 42368K, reserved 1087488K
  class space    used 4178K, capacity 4991K, committed 4992K, reserved 1048576K
}

