# JRE version: OpenJDK Runtime Environment (8.0_222-b10) (build 1.8.0_222-b10)
# Java VM: OpenJDK 64-Bit Server VM (25.222-b10 mixed mode windows-amd64 compressed oops)
Heap:
 PSYoungGen      total 42496K, used 42354K [0x00000000f5b80000, 0x00000000f9600000, 0x0000000100000000)
  eden space 39424K, 99% used [0x00000000f5b80000,0x00000000f81f9ea8,0x00000000f8200000)
  from space 3072K, 96% used [0x00000000f8780000,0x00000000f8a62b80,0x00000000f8a80000)
  to   space 10240K, 0% used [0x00000000f8c00000,0x00000000f8c00000,0x00000000f9600000)
 ParOldGen       total 36864K, used 19009K [0x00000000e1200000, 0x00000000e3600000, 0x00000000f5b80000)
  object space 36864K, 51% used [0x00000000e1200000,0x00000000e2490610,0x00000000e3600000)
 Metaspace       used 22441K, capacity 22914K, committed 23296K, reserved 1069056K
  class space    used 2553K, capacity 2713K, committed 2816K, reserved 1048576K
GC Heap History (10 events):
Event: 22.313 GC heap before
{Heap before GC invocations=8 (full 0):
 PSYoungGen      total 37888K, used 37872K [0x00000000f5b80000, 0x00000000f8900000, 0x0000000100000000)
  eden space 33280K, 100% used [0x00000000f5b80000,0x00000000f7c00000,0x00000000f7c00000)
  from space 4608K, 99% used [0x00000000f7d00000,0x00000000f817c010,0x00000000f8180000)
  to   space 6656K, 0% used [0x00000000f8280000,0x00000000f8280000,0x00000000f8900000)
 ParOldGen       total 22016K, used 10450K [0x00000000e1200000, 0x00000000e2780000, 0x00000000f5b80000)
  object space 22016K, 47% used [0x00000000e1200000,0x00000000e1c34950,0x00000000e2780000)
 Metaspace       used 15522K, capacity 15776K, committed 16000K, reserved 1062912K
  class space    used 1809K, capacity 1914K, committed 1920K, reserved 1048576K
Event: 22.366 GC heap after
Heap after GC invocations=8 (full 0):
 PSYoungGen      total 37376K, used 6624K [0x00000000f5b80000, 0x00000000fae80000, 0x0000000100000000)
  eden space 30720K, 0% used [0x00000000f5b80000,0x00000000f5b80000,0x00000000f7980000)
  from space 6656K, 99% used [0x00000000f8280000,0x00000000f88f8020,0x00000000f8900000)
  to   space 9216K, 0% used [0x00000000f7980000,0x00000000f7980000,0x00000000f8280000)
 ParOldGen       total 22016K, used 13581K [0x00000000e1200000, 0x00000000e2780000, 0x00000000f5b80000)
  object space 22016K, 61% used [0x00000000e1200000,0x00000000e1f436b8,0x00000000e2780000)
 Metaspace       used 15522K, capacity 15776K, committed 16000K, reserved 1062912K
  class space    used 1809K, capacity 1914K, committed 1920K, reserved 1048576K
}
Event: 25.293 GC heap before
{Heap before GC invocations=9 (full 0):
 PSYoungGen      total 37376K, used 37344K [0x00000000f5b80000, 0x00000000fae80000, 0x0000000100000000)
  eden space 30720K, 100% used [0x00000000f5b80000,0x00000000f7980000,0x00000000f7980000)
  from space 6656K, 99% used [0x00000000f8280000,0x00000000f88f8020,0x00000000f8900000)
  to   space 9216K, 0% used [0x00000000f7980000,0x00000000f7980000,0x00000000f8280000)
 ParOldGen       total 22016K, used 13581K [0x00000000e1200000, 0x00000000e2780000, 0x00000000f5b80000)
  object space 22016K, 61% used [0x00000000e1200000,0x00000000e1f436b8,0x00000000e2780000)
 Metaspace       used 15919K, capacity 16242K, committed 16512K, reserved 1064960K
  class space    used 1827K, capacity 1917K, committed 1920K, reserved 1048576K
Event: 25.325 GC heap after
Heap after GC invocations=9 (full 0):
 PSYoungGen      total 39936K, used 8464K [0x00000000f5b80000, 0x00000000f9f80000, 0x0000000100000000)
  eden space 30720K, 0% used [0x00000000f5b80000,0x00000000f5b80000,0x00000000f7980000)
  from space 9216K, 91% used [0x00000000f7980000,0x00000000f81c4010,0x00000000f8280000)
  to   space 10240K, 0% used [0x00000000f9580000,0x00000000f9580000,0x00000000f9f80000)
 ParOldGen       total 22016K, used 15047K [0x00000000e1200000, 0x00000000e2780000, 0x00000000f5b80000)
  object space 22016K, 68% used [0x00000000e1200000,0x00000000e20b1ef8,0x00000000e2780000)
 Metaspace       used 15919K, capacity 16242K, committed 16512K, reserved 1064960K
  class space    used 1827K, capacity 1917K, committed 1920K, reserved 1048576K
}
Event: 37.985 GC heap before
{Heap before GC invocations=10 (full 0):
 PSYoungGen      total 39936K, used 39184K [0x00000000f5b80000, 0x00000000f9f80000, 0x0000000100000000)
  eden space 30720K, 100% used [0x00000000f5b80000,0x00000000f7980000,0x00000000f7980000)
  from space 9216K, 91% used [0x00000000f7980000,0x00000000f81c4010,0x00000000f8280000)
  to   space 10240K, 0% used [0x00000000f9580000,0x00000000f9580000,0x00000000f9f80000)
 ParOldGen       total 22016K, used 15047K [0x00000000e1200000, 0x00000000e2780000, 0x00000000f5b80000)
  object space 22016K, 68% used [0x00000000e1200000,0x00000000e20b1ef8,0x00000000e2780000)
 Metaspace       used 16979K, capacity 17378K, committed 17792K, reserved 1064960K
  class space    used 1924K, capacity 2057K, committed 2176K, reserved 1048576K
Event: 38.039 GC heap after
Heap after GC invocations=10 (full 0):
 PSYoungGen      total 35840K, used 5757K [0x00000000f5b80000, 0x00000000f9b80000, 0x0000000100000000)
  eden space 29696K, 0% used [0x00000000f5b80000,0x00000000f5b80000,0x00000000f7880000)
  from space 6144K, 93% used [0x00000000f9580000,0x00000000f9b1f500,0x00000000f9b80000)
  to   space 10240K, 0% used [0x00000000f8780000,0x00000000f8780000,0x00000000f9180000)
 ParOldGen       total 22016K, used 20150K [0x00000000e1200000, 0x00000000e2780000, 0x00000000f5b80000)
  object space 22016K, 91% used [0x00000000e1200000,0x00000000e25ad900,0x00000000e2780000)
 Metaspace       used 16979K, capacity 17378K, committed 17792K, reserved 1064960K
  class space    used 1924K, capacity 2057K, committed 2176K, reserved 1048576K
}
Event: 38.040 GC heap before
{Heap before GC invocations=11 (full 1):
 PSYoungGen      total 35840K, used 5757K [0x00000000f5b80000, 0x00000000f9b80000, 0x0000000100000000)
  eden space 29696K, 0% used [0x00000000f5b80000,0x00000000f5b80000,0x00000000f7880000)
  from space 6144K, 93% used [0x00000000f9580000,0x00000000f9b1f500,0x00000000f9b80000)
  to   space 10240K, 0% used [0x00000000f8780000,0x00000000f8780000,0x00000000f9180000)
 ParOldGen       total 22016K, used 20150K [0x00000000e1200000, 0x00000000e2780000, 0x00000000f5b80000)
  object space 22016K, 91% used [0x00000000e1200000,0x00000000e25ad900,0x00000000e2780000)
 Metaspace       used 16979K, capacity 17378K, committed 17792K, reserved 1064960K
  class space    used 1924K, capacity 2057K, committed 2176K, reserved 1048576K
Event: 38.455 GC heap after
Heap after GC invocations=11 (full 1):
 PSYoungGen      total 35840K, used 0K [0x00000000f5b80000, 0x00000000f9b80000, 0x0000000100000000)
  eden space 29696K, 0% used [0x00000000f5b80000,0x00000000f5b80000,0x00000000f7880000)
  from space 6144K, 0% used [0x00000000f9580000,0x00000000f9580000,0x00000000f9b80000)
  to   space 10240K, 0% used [0x00000000f8780000,0x00000000f8780000,0x00000000f9180000)
 ParOldGen       total 36864K, used 19001K [0x00000000e1200000, 0x00000000e3600000, 0x00000000f5b80000)
  object space 36864K, 51% used [0x00000000e1200000,0x00000000e248e610,0x00000000e3600000)
 Metaspace       used 16979K, capacity 17378K, committed 17792K, reserved 1064960K
  class space    used 1924K, capacity 2057K, committed 2176K, reserved 1048576K
}
Event: 48.765 GC heap before
{Heap before GC invocations=12 (full 1):
 PSYoungGen      total 35840K, used 29696K [0x00000000f5b80000, 0x00000000f9b80000, 0x0000000100000000)
  eden space 29696K, 100% used [0x00000000f5b80000,0x00000000f7880000,0x00000000f7880000)
  from space 6144K, 0% used [0x00000000f9580000,0x00000000f9580000,0x00000000f9b80000)
  to   space 10240K, 0% used [0x00000000f8780000,0x00000000f8780000,0x00000000f9180000)
 ParOldGen       total 36864K, used 19001K [0x00000000e1200000, 0x00000000e3600000, 0x00000000f5b80000)
  object space 36864K, 51% used [0x00000000e1200000,0x00000000e248e610,0x00000000e3600000)
 Metaspace       used 21081K, capacity 21570K, committed 21888K, reserved 1069056K
  class space    used 2452K, capacity 2585K, committed 2688K, reserved 1048576K
Event: 48.955 GC heap after
Heap after GC invocations=12 (full 1):
 PSYoungGen      total 42496K, used 2954K [0x00000000f5b80000, 0x00000000f9600000, 0x0000000100000000)
  eden space 39424K, 0% used [0x00000000f5b80000,0x00000000f5b80000,0x00000000f8200000)
  from space 3072K, 96% used [0x00000000f8780000,0x00000000f8a62b80,0x00000000f8a80000)
  to   space 10240K, 0% used [0x00000000f8c00000,0x00000000f8c00000,0x00000000f9600000)
 ParOldGen       total 36864K, used 19009K [0x00000000e1200000, 0x00000000e3600000, 0x00000000f5b80000)
  object space 36864K, 51% used [0x00000000e1200000,0x00000000e2490610,0x00000000e3600000)
 Metaspace       used 21081K, capacity 21570K, committed 21888K, reserved 1069056K
  class space    used 2452K, capacity 2585K, committed 2688K, reserved 1048576K
}

