# JRE version: OpenJDK Runtime Environment (8.0_222-b10) (build 1.8.0_222-b10)
# Java VM: OpenJDK 64-Bit Server VM (25.222-b10 mixed mode windows-amd64 compressed oops)
Heap:
 garbage-first heap   total 483328K, used 105203K [0x00000000c0000000, 0x00000000c0100ec0, 0x0000000100000000)
  region size 1024K, 2 young (2048K), 2 survivors (2048K)
 Metaspace       used 64037K, capacity 67632K, committed 67840K, reserved 1110016K
  class space    used 6216K, capacity 7366K, committed 7424K, reserved 1048576K
GC Heap History (10 events):
Event: 5719.319 GC heap after
Heap after GC invocations=172 (full 0):
 garbage-first heap   total 171008K, used 102400K [0x00000000c0000000, 0x00000000c0100538, 0x0000000100000000)
  region size 1024K, 1 young (1024K), 1 survivors (1024K)
 Metaspace       used 63911K, capacity 67472K, committed 67840K, reserved 1110016K
  class space    used 6202K, capacity 7334K, committed 7424K, reserved 1048576K
}
Event: 5722.671 GC heap before
{Heap before GC invocations=172 (full 0):
 garbage-first heap   total 171008K, used 117760K [0x00000000c0000000, 0x00000000c0100538, 0x0000000100000000)
  region size 1024K, 16 young (16384K), 1 survivors (1024K)
 Metaspace       used 63937K, capacity 67536K, committed 67840K, reserved 1110016K
  class space    used 6202K, capacity 7334K, committed 7424K, reserved 1048576K
Event: 5722.923 GC heap after
Heap after GC invocations=173 (full 0):
 garbage-first heap   total 171008K, used 104659K [0x00000000c0000000, 0x00000000c0100538, 0x0000000100000000)
  region size 1024K, 2 young (2048K), 2 survivors (2048K)
 Metaspace       used 63937K, capacity 67536K, committed 67840K, reserved 1110016K
  class space    used 6202K, capacity 7334K, committed 7424K, reserved 1048576K
}
Event: 5725.128 GC heap before
{Heap before GC invocations=173 (full 0):
 garbage-first heap   total 171008K, used 110803K [0x00000000c0000000, 0x00000000c0100538, 0x0000000100000000)
  region size 1024K, 8 young (8192K), 2 survivors (2048K)
 Metaspace       used 63967K, capacity 67536K, committed 67840K, reserved 1110016K
  class space    used 6207K, capacity 7334K, committed 7424K, reserved 1048576K
Event: 5726.723 GC heap after
Heap after GC invocations=174 (full 0):
 garbage-first heap   total 171008K, used 108400K [0x00000000c0000000, 0x00000000c0100538, 0x0000000100000000)
  region size 1024K, 1 young (1024K), 1 survivors (1024K)
 Metaspace       used 63967K, capacity 67536K, committed 67840K, reserved 1110016K
  class space    used 6207K, capacity 7334K, committed 7424K, reserved 1048576K
}
Event: 5727.922 GC heap before
{Heap before GC invocations=174 (full 0):
 garbage-first heap   total 171008K, used 115568K [0x00000000c0000000, 0x00000000c0100538, 0x0000000100000000)
  region size 1024K, 8 young (8192K), 1 survivors (1024K)
 Metaspace       used 63967K, capacity 67536K, committed 67840K, reserved 1110016K
  class space    used 6207K, capacity 7334K, committed 7424K, reserved 1048576K
Event: 5728.056 GC heap after
Heap after GC invocations=175 (full 0):
 garbage-first heap   total 171008K, used 111104K [0x00000000c0000000, 0x00000000c0100538, 0x0000000100000000)
  region size 1024K, 1 young (1024K), 1 survivors (1024K)
 Metaspace       used 63967K, capacity 67536K, committed 67840K, reserved 1110016K
  class space    used 6207K, capacity 7334K, committed 7424K, reserved 1048576K
}
Event: 5731.093 GC heap before
{Heap before GC invocations=176 (full 0):
 garbage-first heap   total 171008K, used 113152K [0x00000000c0000000, 0x00000000c0100538, 0x0000000100000000)
  region size 1024K, 8 young (8192K), 1 survivors (1024K)
 Metaspace       used 64001K, capacity 67536K, committed 67840K, reserved 1110016K
  class space    used 6212K, capacity 7334K, committed 7424K, reserved 1048576K
Event: 5731.209 GC heap after
Heap after GC invocations=177 (full 0):
 garbage-first heap   total 342016K, used 108359K [0x00000000c0000000, 0x00000000c0100a70, 0x0000000100000000)
  region size 1024K, 1 young (1024K), 1 survivors (1024K)
 Metaspace       used 64001K, capacity 67536K, committed 67840K, reserved 1110016K
  class space    used 6212K, capacity 7334K, committed 7424K, reserved 1048576K
}
Event: 5740.294 GC heap before
{Heap before GC invocations=177 (full 0):
 garbage-first heap   total 342016K, used 123719K [0x00000000c0000000, 0x00000000c0100a70, 0x0000000100000000)
  region size 1024K, 16 young (16384K), 1 survivors (1024K)
 Metaspace       used 64037K, capacity 67632K, committed 67840K, reserved 1110016K
  class space    used 6216K, capacity 7366K, committed 7424K, reserved 1048576K

