# JRE version: OpenJDK Runtime Environment (8.0_222-b10) (build 1.8.0_222-b10)
# Java VM: OpenJDK 64-Bit Server VM (25.222-b10 mixed mode windows-amd64 compressed oops)
Heap:
 garbage-first heap   total 67584K, used 23305K [0x00000000c0000000, 0x00000000c0100210, 0x0000000100000000)
  region size 1024K, 1 young (1024K), 1 survivors (1024K)
 Metaspace       used 38203K, capacity 40478K, committed 40832K, reserved 1085440K
  class space    used 4104K, capacity 4878K, committed 4992K, reserved 1048576K
GC Heap History (10 events):
Event: 124.874 GC heap after
Heap after GC invocations=43 (full 0):
 garbage-first heap   total 33792K, used 26776K [0x00000000c0000000, 0x00000000c0100108, 0x0000000100000000)
  region size 1024K, 1 young (1024K), 1 survivors (1024K)
 Metaspace       used 38203K, capacity 40478K, committed 40832K, reserved 1085440K
  class space    used 4104K, capacity 4878K, committed 4992K, reserved 1048576K
}
Event: 124.951 GC heap before
{Heap before GC invocations=44 (full 0):
 garbage-first heap   total 33792K, used 27800K [0x00000000c0000000, 0x00000000c0100108, 0x0000000100000000)
  region size 1024K, 2 young (2048K), 1 survivors (1024K)
 Metaspace       used 38203K, capacity 40478K, committed 40832K, reserved 1085440K
  class space    used 4104K, capacity 4878K, committed 4992K, reserved 1048576K
Event: 124.961 GC heap after
Heap after GC invocations=45 (full 0):
 garbage-first heap   total 33792K, used 27073K [0x00000000c0000000, 0x00000000c0100108, 0x0000000100000000)
  region size 1024K, 1 young (1024K), 1 survivors (1024K)
 Metaspace       used 38203K, capacity 40478K, committed 40832K, reserved 1085440K
  class space    used 4104K, capacity 4878K, committed 4992K, reserved 1048576K
}
Event: 125.046 GC heap before
{Heap before GC invocations=45 (full 0):
 garbage-first heap   total 33792K, used 28097K [0x00000000c0000000, 0x00000000c0100108, 0x0000000100000000)
  region size 1024K, 2 young (2048K), 1 survivors (1024K)
 Metaspace       used 38203K, capacity 40478K, committed 40832K, reserved 1085440K
  class space    used 4104K, capacity 4878K, committed 4992K, reserved 1048576K
Event: 125.055 GC heap after
Heap after GC invocations=46 (full 0):
 garbage-first heap   total 33792K, used 23489K [0x00000000c0000000, 0x00000000c0100108, 0x0000000100000000)
  region size 1024K, 1 young (1024K), 1 survivors (1024K)
 Metaspace       used 38203K, capacity 40478K, committed 40832K, reserved 1085440K
  class space    used 4104K, capacity 4878K, committed 4992K, reserved 1048576K
}
Event: 125.116 GC heap before
{Heap before GC invocations=46 (full 0):
 garbage-first heap   total 33792K, used 24513K [0x00000000c0000000, 0x00000000c0100108, 0x0000000100000000)
  region size 1024K, 2 young (2048K), 1 survivors (1024K)
 Metaspace       used 38203K, capacity 40478K, committed 40832K, reserved 1085440K
  class space    used 4104K, capacity 4878K, committed 4992K, reserved 1048576K
Event: 125.135 GC heap after
Heap after GC invocations=47 (full 0):
 garbage-first heap   total 33792K, used 21648K [0x00000000c0000000, 0x00000000c0100108, 0x0000000100000000)
  region size 1024K, 1 young (1024K), 1 survivors (1024K)
 Metaspace       used 38203K, capacity 40478K, committed 40832K, reserved 1085440K
  class space    used 4104K, capacity 4878K, committed 4992K, reserved 1048576K
}
Event: 125.160 GC heap before
{Heap before GC invocations=47 (full 0):
 garbage-first heap   total 33792K, used 22672K [0x00000000c0000000, 0x00000000c0100108, 0x0000000100000000)
  region size 1024K, 2 young (2048K), 1 survivors (1024K)
 Metaspace       used 38203K, capacity 40478K, committed 40832K, reserved 1085440K
  class space    used 4104K, capacity 4878K, committed 4992K, reserved 1048576K
Event: 125.194 GC heap after
Heap after GC invocations=48 (full 0):
 garbage-first heap   total 33792K, used 22143K [0x00000000c0000000, 0x00000000c0100108, 0x0000000100000000)
  region size 1024K, 1 young (1024K), 1 survivors (1024K)
 Metaspace       used 38203K, capacity 40478K, committed 40832K, reserved 1085440K
  class space    used 4104K, capacity 4878K, committed 4992K, reserved 1048576K
}
Event: 125.228 GC heap before
{Heap before GC invocations=48 (full 0):
 garbage-first heap   total 33792K, used 23167K [0x00000000c0000000, 0x00000000c0100108, 0x0000000100000000)
  region size 1024K, 2 young (2048K), 1 survivors (1024K)
 Metaspace       used 38203K, capacity 40478K, committed 40832K, reserved 1085440K
  class space    used 4104K, capacity 4878K, committed 4992K, reserved 1048576K

