# JRE version: OpenJDK Runtime Environment (8.0_222-b10) (build 1.8.0_222-b10)
# Java VM: OpenJDK 64-Bit Server VM (25.222-b10 mixed mode windows-amd64 compressed oops)
Heap:
 garbage-first heap   total 167936K, used 148236K [0x00000000c0000000, 0x00000000c0100520, 0x0000000100000000)
  region size 1024K, 69 young (70656K), 7 survivors (7168K)
 Metaspace       used 48170K, capacity 50572K, committed 50816K, reserved 1093632K
  class space    used 4984K, capacity 5754K, committed 5760K, reserved 1048576K
GC Heap History (10 events):
Event: 75.682 GC heap after
Heap after GC invocations=66 (full 0):
 garbage-first heap   total 37888K, used 26265K [0x00000000c0000000, 0x00000000c0100128, 0x0000000100000000)
  region size 1024K, 1 young (1024K), 1 survivors (1024K)
 Metaspace       used 42443K, capacity 44768K, committed 45056K, reserved 1089536K
  class space    used 4542K, capacity 5290K, committed 5376K, reserved 1048576K
}
Event: 75.705 GC heap before
{Heap before GC invocations=66 (full 0):
 garbage-first heap   total 37888K, used 27289K [0x00000000c0000000, 0x00000000c0100128, 0x0000000100000000)
  region size 1024K, 2 young (2048K), 1 survivors (1024K)
 Metaspace       used 42446K, capacity 44768K, committed 45056K, reserved 1089536K
  class space    used 4542K, capacity 5290K, committed 5376K, reserved 1048576K
Event: 75.739 GC heap after
Heap after GC invocations=67 (full 0):
 garbage-first heap   total 37888K, used 27367K [0x00000000c0000000, 0x00000000c0100128, 0x0000000100000000)
  region size 1024K, 1 young (1024K), 1 survivors (1024K)
 Metaspace       used 42446K, capacity 44768K, committed 45056K, reserved 1089536K
  class space    used 4542K, capacity 5290K, committed 5376K, reserved 1048576K
}
Event: 75.845 GC heap before
{Heap before GC invocations=67 (full 0):
 garbage-first heap   total 37888K, used 31463K [0x00000000c0000000, 0x00000000c0100128, 0x0000000100000000)
  region size 1024K, 5 young (5120K), 1 survivors (1024K)
 Metaspace       used 42515K, capacity 44832K, committed 45056K, reserved 1089536K
  class space    used 4547K, capacity 5290K, committed 5376K, reserved 1048576K
Event: 75.871 GC heap after
Heap after GC invocations=68 (full 0):
 garbage-first heap   total 75776K, used 27250K [0x00000000c0000000, 0x00000000c0100250, 0x0000000100000000)
  region size 1024K, 1 young (1024K), 1 survivors (1024K)
 Metaspace       used 42515K, capacity 44832K, committed 45056K, reserved 1089536K
  class space    used 4547K, capacity 5290K, committed 5376K, reserved 1048576K
}
Event: 77.718 GC heap before
{Heap before GC invocations=68 (full 0):
 garbage-first heap   total 75776K, used 61042K [0x00000000c0000000, 0x00000000c0100250, 0x0000000100000000)
  region size 1024K, 34 young (34816K), 1 survivors (1024K)
 Metaspace       used 44526K, capacity 46890K, committed 47232K, reserved 1091584K
  class space    used 4681K, capacity 5421K, committed 5504K, reserved 1048576K
Event: 77.745 GC heap after
Heap after GC invocations=69 (full 0):
 garbage-first heap   total 151552K, used 29984K [0x00000000c0000000, 0x00000000c01004a0, 0x0000000100000000)
  region size 1024K, 4 young (4096K), 4 survivors (4096K)
 Metaspace       used 44526K, capacity 46890K, committed 47232K, reserved 1091584K
  class space    used 4681K, capacity 5421K, committed 5504K, reserved 1048576K
}
Event: 81.537 GC heap before
{Heap before GC invocations=69 (full 0):
 garbage-first heap   total 151552K, used 108688K [0x00000000c0000000, 0x00000000c01004a0, 0x0000000100000000)
  region size 1024K, 49 young (50176K), 4 survivors (4096K)
 Metaspace       used 46469K, capacity 48990K, committed 49152K, reserved 1093632K
  class space    used 4802K, capacity 5573K, committed 5632K, reserved 1048576K
Event: 81.567 GC heap after
Heap after GC invocations=70 (full 0):
 garbage-first heap   total 151552K, used 51720K [0x00000000c0000000, 0x00000000c01004a0, 0x0000000100000000)
  region size 1024K, 7 young (7168K), 7 survivors (7168K)
 Metaspace       used 46469K, capacity 48990K, committed 49152K, reserved 1093632K
  class space    used 4802K, capacity 5573K, committed 5632K, reserved 1048576K
}
Event: 83.876 GC heap before
{Heap before GC invocations=71 (full 0):
 garbage-first heap   total 151552K, used 148236K [0x00000000c0000000, 0x00000000c01004a0, 0x0000000100000000)
  region size 1024K, 69 young (70656K), 7 survivors (7168K)
 Metaspace       used 48170K, capacity 50572K, committed 50816K, reserved 1093632K
  class space    used 4984K, capacity 5754K, committed 5760K, reserved 1048576K

