# JRE version: OpenJDK Runtime Environment (8.0_222-b10) (build 1.8.0_222-b10)
# Java VM: OpenJDK 64-Bit Server VM (25.222-b10 mixed mode windows-amd64 compressed oops)
Heap:
 garbage-first heap   total 167936K, used 128635K [0x00000000c0000000, 0x00000000c0100520, 0x0000000100000000)
  region size 1024K, 58 young (59392K), 9 survivors (9216K)
 Metaspace       used 48560K, capacity 51492K, committed 51712K, reserved 1095680K
  class space    used 4992K, capacity 5864K, committed 5888K, reserved 1048576K
GC Heap History (10 events):
Event: 66.725 GC heap before
{Heap before GC invocations=60 (full 0):
 garbage-first heap   total 33792K, used 27360K [0x00000000c0000000, 0x00000000c0100108, 0x0000000100000000)
  region size 1024K, 2 young (2048K), 1 survivors (1024K)
 Metaspace       used 40810K, capacity 43222K, committed 43520K, reserved 1087488K
  class space    used 4331K, capacity 5077K, committed 5120K, reserved 1048576K
Event: 66.766 GC heap after
Heap after GC invocations=61 (full 0):
 garbage-first heap   total 33792K, used 25271K [0x00000000c0000000, 0x00000000c0100108, 0x0000000100000000)
  region size 1024K, 1 young (1024K), 1 survivors (1024K)
 Metaspace       used 40810K, capacity 43222K, committed 43520K, reserved 1087488K
  class space    used 4331K, capacity 5077K, committed 5120K, reserved 1048576K
}
Event: 66.902 GC heap before
{Heap before GC invocations=61 (full 0):
 garbage-first heap   total 33792K, used 26295K [0x00000000c0000000, 0x00000000c0100108, 0x0000000100000000)
  region size 1024K, 2 young (2048K), 1 survivors (1024K)
 Metaspace       used 40899K, capacity 43286K, committed 43520K, reserved 1087488K
  class space    used 4338K, capacity 5077K, committed 5120K, reserved 1048576K
Event: 66.940 GC heap after
Heap after GC invocations=62 (full 0):
 garbage-first heap   total 67584K, used 26043K [0x00000000c0000000, 0x00000000c0100210, 0x0000000100000000)
  region size 1024K, 1 young (1024K), 1 survivors (1024K)
 Metaspace       used 40899K, capacity 43286K, committed 43520K, reserved 1087488K
  class space    used 4338K, capacity 5077K, committed 5120K, reserved 1048576K
}
Event: 69.423 GC heap before
{Heap before GC invocations=62 (full 0):
 garbage-first heap   total 67584K, used 55739K [0x00000000c0000000, 0x00000000c0100210, 0x0000000100000000)
  region size 1024K, 30 young (30720K), 1 survivors (1024K)
 Metaspace       used 42202K, capacity 44548K, committed 44928K, reserved 1089536K
  class space    used 4421K, capacity 5158K, committed 5248K, reserved 1048576K
Event: 69.467 GC heap after
Heap after GC invocations=63 (full 0):
 garbage-first heap   total 135168K, used 28663K [0x00000000c0000000, 0x00000000c0100420, 0x0000000100000000)
  region size 1024K, 4 young (4096K), 4 survivors (4096K)
 Metaspace       used 42202K, capacity 44548K, committed 44928K, reserved 1089536K
  class space    used 4421K, capacity 5158K, committed 5248K, reserved 1048576K
}
Event: 81.474 GC heap before
{Heap before GC invocations=63 (full 0):
 garbage-first heap   total 135168K, used 120720K [0x00000000c0000000, 0x00000000c0100420, 0x0000000100000000)
  region size 1024K, 77 young (78848K), 4 survivors (4096K)
 Metaspace       used 47149K, capacity 49668K, committed 49920K, reserved 1093632K
  class space    used 4821K, capacity 5580K, committed 5632K, reserved 1048576K
Event: 81.518 GC heap after
Heap after GC invocations=64 (full 0):
 garbage-first heap   total 137216K, used 46207K [0x00000000c0000000, 0x00000000c0100430, 0x0000000100000000)
  region size 1024K, 10 young (10240K), 10 survivors (10240K)
 Metaspace       used 47149K, capacity 49668K, committed 49920K, reserved 1093632K
  class space    used 4821K, capacity 5580K, committed 5632K, reserved 1048576K
}
Event: 83.290 GC heap before
{Heap before GC invocations=65 (full 0):
 garbage-first heap   total 137216K, used 133467K [0x00000000c0000000, 0x00000000c0100430, 0x0000000100000000)
  region size 1024K, 48 young (49152K), 10 survivors (10240K)
 Metaspace       used 48404K, capacity 51332K, committed 51456K, reserved 1095680K
  class space    used 4979K, capacity 5852K, committed 5888K, reserved 1048576K
Event: 83.463 GC heap after
Heap after GC invocations=66 (full 0):
 garbage-first heap   total 167936K, used 79483K [0x00000000c0000000, 0x00000000c0100520, 0x0000000100000000)
  region size 1024K, 9 young (9216K), 9 survivors (9216K)
 Metaspace       used 48404K, capacity 51332K, committed 51456K, reserved 1095680K
  class space    used 4979K, capacity 5852K, committed 5888K, reserved 1048576K
}

