# JRE version: OpenJDK Runtime Environment (8.0_222-b10) (build 1.8.0_222-b10)
# Java VM: OpenJDK 64-Bit Server VM (25.222-b10 mixed mode windows-amd64 compressed oops)
Heap:
 garbage-first heap   total 318464K, used 150016K [0x00000000c0000000, 0x00000000c01009b8, 0x0000000100000000)
  region size 1024K, 64 young (65536K), 17 survivors (17408K)
 Metaspace       used 53780K, capacity 57068K, committed 57344K, reserved 1099776K
  class space    used 5362K, capacity 6294K, committed 6400K, reserved 1048576K
GC Heap History (10 events):
Event: 57.836 GC heap before
{Heap before GC invocations=59 (full 0):
 garbage-first heap   total 71680K, used 59172K [0x00000000c0000000, 0x00000000c0100230, 0x0000000100000000)
  region size 1024K, 31 young (31744K), 1 survivors (1024K)
 Metaspace       used 39303K, capacity 41828K, committed 42112K, reserved 1087488K
  class space    used 4135K, capacity 4956K, committed 4992K, reserved 1048576K
Event: 57.865 GC heap after
Heap after GC invocations=60 (full 0):
 garbage-first heap   total 143360K, used 30107K [0x00000000c0000000, 0x00000000c0100460, 0x0000000100000000)
  region size 1024K, 3 young (3072K), 3 survivors (3072K)
 Metaspace       used 39303K, capacity 41828K, committed 42112K, reserved 1087488K
  class space    used 4135K, capacity 4956K, committed 4992K, reserved 1048576K
}
Event: 62.325 GC heap before
{Heap before GC invocations=60 (full 0):
 garbage-first heap   total 143360K, used 102707K [0x00000000c0000000, 0x00000000c0100460, 0x0000000100000000)
  region size 1024K, 57 young (58368K), 3 survivors (3072K)
 Metaspace       used 39952K, capacity 42638K, committed 42752K, reserved 1087488K
  class space    used 4199K, capacity 5045K, committed 5120K, reserved 1048576K
Event: 62.354 GC heap after
Heap after GC invocations=61 (full 0):
 garbage-first heap   total 286720K, used 41441K [0x00000000c0000000, 0x00000000c01008c0, 0x0000000100000000)
  region size 1024K, 4 young (4096K), 4 survivors (4096K)
 Metaspace       used 39952K, capacity 42638K, committed 42752K, reserved 1087488K
  class space    used 4199K, capacity 5045K, committed 5120K, reserved 1048576K
}
Event: 78.623 GC heap before
{Heap before GC invocations=62 (full 0):
 garbage-first heap   total 286720K, used 257726K [0x00000000c0000000, 0x00000000c01008c0, 0x0000000100000000)
  region size 1024K, 168 young (172032K), 4 survivors (4096K)
 Metaspace       used 45385K, capacity 48136K, committed 48256K, reserved 1091584K
  class space    used 4637K, capacity 5494K, committed 5504K, reserved 1048576K
Event: 78.896 GC heap after
Heap after GC invocations=63 (full 0):
 garbage-first heap   total 318464K, used 83864K [0x00000000c0000000, 0x00000000c01009b8, 0x0000000100000000)
  region size 1024K, 21 young (21504K), 21 survivors (21504K)
 Metaspace       used 45385K, capacity 48136K, committed 48256K, reserved 1091584K
  class space    used 4637K, capacity 5494K, committed 5504K, reserved 1048576K
}
Event: 102.403 GC heap before
{Heap before GC invocations=63 (full 0):
 garbage-first heap   total 318464K, used 231320K [0x00000000c0000000, 0x00000000c01009b8, 0x0000000100000000)
  region size 1024K, 165 young (168960K), 21 survivors (21504K)
 Metaspace       used 49990K, capacity 52818K, committed 52992K, reserved 1095680K
  class space    used 5020K, capacity 5847K, committed 5888K, reserved 1048576K
Event: 102.690 GC heap after
Heap after GC invocations=64 (full 0):
 garbage-first heap   total 318464K, used 97792K [0x00000000c0000000, 0x00000000c01009b8, 0x0000000100000000)
  region size 1024K, 13 young (13312K), 13 survivors (13312K)
 Metaspace       used 49990K, capacity 52818K, committed 52992K, reserved 1095680K
  class space    used 5020K, capacity 5847K, committed 5888K, reserved 1048576K
}
Event: 120.569 GC heap before
{Heap before GC invocations=64 (full 0):
 garbage-first heap   total 318464K, used 223744K [0x00000000c0000000, 0x00000000c01009b8, 0x0000000100000000)
  region size 1024K, 136 young (139264K), 13 survivors (13312K)
 Metaspace       used 51044K, capacity 54110K, committed 54400K, reserved 1097728K
  class space    used 5090K, capacity 5945K, committed 6016K, reserved 1048576K
Event: 120.672 GC heap after
Heap after GC invocations=65 (full 0):
 garbage-first heap   total 318464K, used 102912K [0x00000000c0000000, 0x00000000c01009b8, 0x0000000100000000)
  region size 1024K, 17 young (17408K), 17 survivors (17408K)
 Metaspace       used 51044K, capacity 54110K, committed 54400K, reserved 1097728K
  class space    used 5090K, capacity 5945K, committed 6016K, reserved 1048576K
}

