# JRE version: OpenJDK Runtime Environment (8.0_222-b10) (build 1.8.0_222-b10)
# Java VM: OpenJDK 64-Bit Server VM (25.222-b10 mixed mode windows-amd64 compressed oops)
Heap:
 PSYoungGen      total 11776K, used 11194K [0x00000000f5b80000, 0x00000000f6f80000, 0x0000000100000000)
  eden space 8704K, 99% used [0x00000000f5b80000,0x00000000f63f7a20,0x00000000f6400000)
  from space 3072K, 82% used [0x00000000f6400000,0x00000000f6677150,0x00000000f6700000)
  to   space 3072K, 0% used [0x00000000f6c80000,0x00000000f6c80000,0x00000000f6f80000)
 ParOldGen       total 22016K, used 7633K [0x00000000e1200000, 0x00000000e2780000, 0x00000000f5b80000)
  object space 22016K, 34% used [0x00000000e1200000,0x00000000e19746d8,0x00000000e2780000)
 Metaspace       used 14858K, capacity 15144K, committed 15488K, reserved 1062912K
  class space    used 1773K, capacity 1878K, committed 1920K, reserved 1048576K
GC Heap History (10 events):
Event: 27.678 GC heap before
{Heap before GC invocations=5 (full 0):
 PSYoungGen      total 9728K, used 9728K [0x00000000f5b80000, 0x00000000f6600000, 0x0000000100000000)
  eden space 8704K, 100% used [0x00000000f5b80000,0x00000000f6400000,0x00000000f6400000)
  from space 1024K, 100% used [0x00000000f6500000,0x00000000f6600000,0x00000000f6600000)
  to   space 1024K, 0% used [0x00000000f6400000,0x00000000f6400000,0x00000000f6500000)
 ParOldGen       total 22016K, used 4941K [0x00000000e1200000, 0x00000000e2780000, 0x00000000f5b80000)
  object space 22016K, 22% used [0x00000000e1200000,0x00000000e16d3528,0x00000000e2780000)
 Metaspace       used 9234K, capacity 9402K, committed 9600K, reserved 1058816K
  class space    used 1097K, capacity 1151K, committed 1152K, reserved 1048576K
Event: 27.690 GC heap after
Heap after GC invocations=5 (full 0):
 PSYoungGen      total 9728K, used 1008K [0x00000000f5b80000, 0x00000000f6a00000, 0x0000000100000000)
  eden space 8704K, 0% used [0x00000000f5b80000,0x00000000f5b80000,0x00000000f6400000)
  from space 1024K, 98% used [0x00000000f6400000,0x00000000f64fc010,0x00000000f6500000)
  to   space 3072K, 0% used [0x00000000f6700000,0x00000000f6700000,0x00000000f6a00000)
 ParOldGen       total 22016K, used 6313K [0x00000000e1200000, 0x00000000e2780000, 0x00000000f5b80000)
  object space 22016K, 28% used [0x00000000e1200000,0x00000000e182a648,0x00000000e2780000)
 Metaspace       used 9234K, capacity 9402K, committed 9600K, reserved 1058816K
  class space    used 1097K, capacity 1151K, committed 1152K, reserved 1048576K
}
Event: 29.700 GC heap before
{Heap before GC invocations=6 (full 0):
 PSYoungGen      total 9728K, used 9712K [0x00000000f5b80000, 0x00000000f6a00000, 0x0000000100000000)
  eden space 8704K, 100% used [0x00000000f5b80000,0x00000000f6400000,0x00000000f6400000)
  from space 1024K, 98% used [0x00000000f6400000,0x00000000f64fc010,0x00000000f6500000)
  to   space 3072K, 0% used [0x00000000f6700000,0x00000000f6700000,0x00000000f6a00000)
 ParOldGen       total 22016K, used 6313K [0x00000000e1200000, 0x00000000e2780000, 0x00000000f5b80000)
  object space 22016K, 28% used [0x00000000e1200000,0x00000000e182a648,0x00000000e2780000)
 Metaspace       used 10409K, capacity 10604K, committed 10880K, reserved 1058816K
  class space    used 1245K, capacity 1320K, committed 1408K, reserved 1048576K
Event: 29.726 GC heap after
Heap after GC invocations=6 (full 0):
 PSYoungGen      total 11776K, used 2446K [0x00000000f5b80000, 0x00000000f6a00000, 0x0000000100000000)
  eden space 8704K, 0% used [0x00000000f5b80000,0x00000000f5b80000,0x00000000f6400000)
  from space 3072K, 79% used [0x00000000f6700000,0x00000000f6963938,0x00000000f6a00000)
  to   space 3072K, 0% used [0x00000000f6400000,0x00000000f6400000,0x00000000f6700000)
 ParOldGen       total 22016K, used 6321K [0x00000000e1200000, 0x00000000e2780000, 0x00000000f5b80000)
  object space 22016K, 28% used [0x00000000e1200000,0x00000000e182c648,0x00000000e2780000)
 Metaspace       used 10409K, capacity 10604K, committed 10880K, reserved 1058816K
  class space    used 1245K, capacity 1320K, committed 1408K, reserved 1048576K
}
Event: 31.120 GC heap before
{Heap before GC invocations=7 (full 0):
 PSYoungGen      total 11776K, used 11150K [0x00000000f5b80000, 0x00000000f6a00000, 0x0000000100000000)
  eden space 8704K, 100% used [0x00000000f5b80000,0x00000000f6400000,0x00000000f6400000)
  from space 3072K, 79% used [0x00000000f6700000,0x00000000f6963938,0x00000000f6a00000)
  to   space 3072K, 0% used [0x00000000f6400000,0x00000000f6400000,0x00000000f6700000)
 ParOldGen       total 22016K, used 6321K [0x00000000e1200000, 0x00000000e2780000, 0x00000000f5b80000)
  object space 22016K, 28% used [0x00000000e1200000,0x00000000e182c648,0x00000000e2780000)
 Metaspace       used 11435K, capacity 11674K, committed 11776K, reserved 1058816K
  class space    used 1388K, capacity 1481K, committed 1536K, reserved 1048576K
Event: 31.134 GC heap after
Heap after GC invocations=7 (full 0):
 PSYoungGen      total 11776K, used 2363K [0x00000000f5b80000, 0x00000000f6a00000, 0x0000000100000000)
  eden space 8704K, 0% used [0x00000000f5b80000,0x00000000f5b80000,0x00000000f6400000)
  from space 3072K, 76% used [0x00000000f6400000,0x00000000f664ec18,0x00000000f6700000)
  to   space 3072K, 0% used [0x00000000f6700000,0x00000000f6700000,0x00000000f6a00000)
 ParOldGen       total 22016K, used 6913K [0x00000000e1200000, 0x00000000e2780000, 0x00000000f5b80000)
  object space 22016K, 31% used [0x00000000e1200000,0x00000000e18c06d8,0x00000000e2780000)
 Metaspace       used 11435K, capacity 11674K, committed 11776K, reserved 1058816K
  class space    used 1388K, capacity 1481K, committed 1536K, reserved 1048576K
}
Event: 32.524 GC heap before
{Heap before GC invocations=8 (full 0):
 PSYoungGen      total 11776K, used 11067K [0x00000000f5b80000, 0x00000000f6a00000, 0x0000000100000000)
  eden space 8704K, 100% used [0x00000000f5b80000,0x00000000f6400000,0x00000000f6400000)
  from space 3072K, 76% used [0x00000000f6400000,0x00000000f664ec18,0x00000000f6700000)
  to   space 3072K, 0% used [0x00000000f6700000,0x00000000f6700000,0x00000000f6a00000)
 ParOldGen       total 22016K, used 6913K [0x00000000e1200000, 0x00000000e2780000, 0x00000000f5b80000)
  object space 22016K, 31% used [0x00000000e1200000,0x00000000e18c06d8,0x00000000e2780000)
 Metaspace       used 12465K, capacity 12736K, committed 12928K, reserved 1060864K
  class space    used 1536K, capacity 1642K, committed 1664K, reserved 1048576K
Event: 32.550 GC heap after
Heap after GC invocations=8 (full 0):
 PSYoungGen      total 11776K, used 2691K [0x00000000f5b80000, 0x00000000f7280000, 0x0000000100000000)
  eden space 8704K, 0% used [0x00000000f5b80000,0x00000000f5b80000,0x00000000f6400000)
  from space 3072K, 87% used [0x00000000f6700000,0x00000000f69a0e00,0x00000000f6a00000)
  to   space 3072K, 0% used [0x00000000f6400000,0x00000000f6400000,0x00000000f6700000)
 ParOldGen       total 22016K, used 7137K [0x00000000e1200000, 0x00000000e2780000, 0x00000000f5b80000)
  object space 22016K, 32% used [0x00000000e1200000,0x00000000e18f86d8,0x00000000e2780000)
 Metaspace       used 12465K, capacity 12736K, committed 12928K, reserved 1060864K
  class space    used 1536K, capacity 1642K, committed 1664K, reserved 1048576K
}
Event: 35.207 GC heap before
{Heap before GC invocations=9 (full 0):
 PSYoungGen      total 11776K, used 11395K [0x00000000f5b80000, 0x00000000f7280000, 0x0000000100000000)
  eden space 8704K, 100% used [0x00000000f5b80000,0x00000000f6400000,0x00000000f6400000)
  from space 3072K, 87% used [0x00000000f6700000,0x00000000f69a0e00,0x00000000f6a00000)
  to   space 3072K, 0% used [0x00000000f6400000,0x00000000f6400000,0x00000000f6700000)
 ParOldGen       total 22016K, used 7137K [0x00000000e1200000, 0x00000000e2780000, 0x00000000f5b80000)
  object space 22016K, 32% used [0x00000000e1200000,0x00000000e18f86d8,0x00000000e2780000)
 Metaspace       used 14006K, capacity 14268K, committed 14336K, reserved 1062912K
  class space    used 1694K, capacity 1780K, committed 1792K, reserved 1048576K
Event: 35.227 GC heap after
Heap after GC invocations=9 (full 0):
 PSYoungGen      total 11776K, used 2524K [0x00000000f5b80000, 0x00000000f6f80000, 0x0000000100000000)
  eden space 8704K, 0% used [0x00000000f5b80000,0x00000000f5b80000,0x00000000f6400000)
  from space 3072K, 82% used [0x00000000f6400000,0x00000000f6677150,0x00000000f6700000)
  to   space 3072K, 0% used [0x00000000f6c80000,0x00000000f6c80000,0x00000000f6f80000)
 ParOldGen       total 22016K, used 7633K [0x00000000e1200000, 0x00000000e2780000, 0x00000000f5b80000)
  object space 22016K, 34% used [0x00000000e1200000,0x00000000e19746d8,0x00000000e2780000)
 Metaspace       used 14006K, capacity 14268K, committed 14336K, reserved 1062912K
  class space    used 1694K, capacity 1780K, committed 1792K, reserved 1048576K
}

