# JRE version: OpenJDK Runtime Environment (8.0_222-b10) (build 1.8.0_222-b10)
# Java VM: OpenJDK 64-Bit Server VM (25.222-b10 mixed mode windows-amd64 compressed oops)
Heap:
 PSYoungGen      total 38400K, used 33289K [0x00000000f5b80000, 0x00000000f8680000, 0x0000000100000000)
  eden space 34304K, 85% used [0x00000000f5b80000,0x00000000f7821260,0x00000000f7d00000)
  from space 4096K, 96% used [0x00000000f8180000,0x00000000f8561470,0x00000000f8580000)
  to   space 4608K, 0% used [0x00000000f7d00000,0x00000000f7d00000,0x00000000f8180000)
 ParOldGen       total 22016K, used 8010K [0x00000000e1200000, 0x00000000e2780000, 0x00000000f5b80000)
  object space 22016K, 36% used [0x00000000e1200000,0x00000000e19d2b48,0x00000000e2780000)
 Metaspace       used 18751K, capacity 19186K, committed 19328K, reserved 1067008K
  class space    used 2237K, capacity 2399K, committed 2432K, reserved 1048576K
GC Heap History (10 events):
Event: 2.847 GC heap before
{Heap before GC invocations=2 (full 0):
 PSYoungGen      total 9728K, used 9712K [0x00000000f5b80000, 0x00000000f6600000, 0x0000000100000000)
  eden space 8704K, 100% used [0x00000000f5b80000,0x00000000f6400000,0x00000000f6400000)
  from space 1024K, 98% used [0x00000000f6400000,0x00000000f64fc030,0x00000000f6500000)
  to   space 1024K, 0% used [0x00000000f6500000,0x00000000f6500000,0x00000000f6600000)
 ParOldGen       total 22016K, used 1405K [0x00000000e1200000, 0x00000000e2780000, 0x00000000f5b80000)
  object space 22016K, 6% used [0x00000000e1200000,0x00000000e135f6f0,0x00000000e2780000)
 Metaspace       used 9697K, capacity 9920K, committed 10240K, reserved 1058816K
  class space    used 1103K, capacity 1180K, committed 1280K, reserved 1048576K
Event: 2.858 GC heap after
Heap after GC invocations=2 (full 0):
 PSYoungGen      total 9728K, used 1024K [0x00000000f5b80000, 0x00000000f6600000, 0x0000000100000000)
  eden space 8704K, 0% used [0x00000000f5b80000,0x00000000f5b80000,0x00000000f6400000)
  from space 1024K, 100% used [0x00000000f6500000,0x00000000f6600000,0x00000000f6600000)
  to   space 1024K, 0% used [0x00000000f6400000,0x00000000f6400000,0x00000000f6500000)
 ParOldGen       total 22016K, used 3169K [0x00000000e1200000, 0x00000000e2780000, 0x00000000f5b80000)
  object space 22016K, 14% used [0x00000000e1200000,0x00000000e1518600,0x00000000e2780000)
 Metaspace       used 9697K, capacity 9920K, committed 10240K, reserved 1058816K
  class space    used 1103K, capacity 1180K, committed 1280K, reserved 1048576K
}
Event: 3.393 GC heap before
{Heap before GC invocations=3 (full 0):
 PSYoungGen      total 9728K, used 9728K [0x00000000f5b80000, 0x00000000f6600000, 0x0000000100000000)
  eden space 8704K, 100% used [0x00000000f5b80000,0x00000000f6400000,0x00000000f6400000)
  from space 1024K, 100% used [0x00000000f6500000,0x00000000f6600000,0x00000000f6600000)
  to   space 1024K, 0% used [0x00000000f6400000,0x00000000f6400000,0x00000000f6500000)
 ParOldGen       total 22016K, used 3169K [0x00000000e1200000, 0x00000000e2780000, 0x00000000f5b80000)
  object space 22016K, 14% used [0x00000000e1200000,0x00000000e1518600,0x00000000e2780000)
 Metaspace       used 11637K, capacity 11928K, committed 12288K, reserved 1060864K
  class space    used 1360K, capacity 1486K, committed 1536K, reserved 1048576K
Event: 3.404 GC heap after
Heap after GC invocations=3 (full 0):
 PSYoungGen      total 9728K, used 1024K [0x00000000f5b80000, 0x00000000f6e80000, 0x0000000100000000)
  eden space 8704K, 0% used [0x00000000f5b80000,0x00000000f5b80000,0x00000000f6400000)
  from space 1024K, 100% used [0x00000000f6400000,0x00000000f6500000,0x00000000f6500000)
  to   space 1024K, 0% used [0x00000000f6d80000,0x00000000f6d80000,0x00000000f6e80000)
 ParOldGen       total 22016K, used 4348K [0x00000000e1200000, 0x00000000e2780000, 0x00000000f5b80000)
  object space 22016K, 19% used [0x00000000e1200000,0x00000000e163f358,0x00000000e2780000)
 Metaspace       used 11637K, capacity 11928K, committed 12288K, reserved 1060864K
  class space    used 1360K, capacity 1486K, committed 1536K, reserved 1048576K
}
Event: 3.855 GC heap before
{Heap before GC invocations=4 (full 0):
 PSYoungGen      total 9728K, used 9728K [0x00000000f5b80000, 0x00000000f6e80000, 0x0000000100000000)
  eden space 8704K, 100% used [0x00000000f5b80000,0x00000000f6400000,0x00000000f6400000)
  from space 1024K, 100% used [0x00000000f6400000,0x00000000f6500000,0x00000000f6500000)
  to   space 1024K, 0% used [0x00000000f6d80000,0x00000000f6d80000,0x00000000f6e80000)
 ParOldGen       total 22016K, used 4348K [0x00000000e1200000, 0x00000000e2780000, 0x00000000f5b80000)
  object space 22016K, 19% used [0x00000000e1200000,0x00000000e163f358,0x00000000e2780000)
 Metaspace       used 12053K, capacity 12344K, committed 12544K, reserved 1060864K
  class space    used 1417K, capacity 1518K, committed 1536K, reserved 1048576K
Event: 3.865 GC heap after
Heap after GC invocations=4 (full 0):
 PSYoungGen      total 18432K, used 1008K [0x00000000f5b80000, 0x00000000f6e80000, 0x0000000100000000)
  eden space 17408K, 0% used [0x00000000f5b80000,0x00000000f5b80000,0x00000000f6c80000)
  from space 1024K, 98% used [0x00000000f6d80000,0x00000000f6e7c010,0x00000000f6e80000)
  to   space 1024K, 0% used [0x00000000f6c80000,0x00000000f6c80000,0x00000000f6d80000)
 ParOldGen       total 22016K, used 5147K [0x00000000e1200000, 0x00000000e2780000, 0x00000000f5b80000)
  object space 22016K, 23% used [0x00000000e1200000,0x00000000e1706cf0,0x00000000e2780000)
 Metaspace       used 12053K, capacity 12344K, committed 12544K, reserved 1060864K
  class space    used 1417K, capacity 1518K, committed 1536K, reserved 1048576K
}
Event: 4.905 GC heap before
{Heap before GC invocations=5 (full 0):
 PSYoungGen      total 18432K, used 18416K [0x00000000f5b80000, 0x00000000f6e80000, 0x0000000100000000)
  eden space 17408K, 100% used [0x00000000f5b80000,0x00000000f6c80000,0x00000000f6c80000)
  from space 1024K, 98% used [0x00000000f6d80000,0x00000000f6e7c010,0x00000000f6e80000)
  to   space 1024K, 0% used [0x00000000f6c80000,0x00000000f6c80000,0x00000000f6d80000)
 ParOldGen       total 22016K, used 5147K [0x00000000e1200000, 0x00000000e2780000, 0x00000000f5b80000)
  object space 22016K, 23% used [0x00000000e1200000,0x00000000e1706cf0,0x00000000e2780000)
 Metaspace       used 13776K, capacity 14074K, committed 14336K, reserved 1062912K
  class space    used 1628K, capacity 1752K, committed 1792K, reserved 1048576K
Event: 4.918 GC heap after
Heap after GC invocations=5 (full 0):
 PSYoungGen      total 18432K, used 1024K [0x00000000f5b80000, 0x00000000f8580000, 0x0000000100000000)
  eden space 17408K, 0% used [0x00000000f5b80000,0x00000000f5b80000,0x00000000f6c80000)
  from space 1024K, 100% used [0x00000000f6c80000,0x00000000f6d80000,0x00000000f6d80000)
  to   space 4096K, 0% used [0x00000000f8180000,0x00000000f8180000,0x00000000f8580000)
 ParOldGen       total 22016K, used 8002K [0x00000000e1200000, 0x00000000e2780000, 0x00000000f5b80000)
  object space 22016K, 36% used [0x00000000e1200000,0x00000000e19d0b48,0x00000000e2780000)
 Metaspace       used 13776K, capacity 14074K, committed 14336K, reserved 1062912K
  class space    used 1628K, capacity 1752K, committed 1792K, reserved 1048576K
}
Event: 6.113 GC heap before
{Heap before GC invocations=6 (full 0):
 PSYoungGen      total 18432K, used 18432K [0x00000000f5b80000, 0x00000000f8580000, 0x0000000100000000)
  eden space 17408K, 100% used [0x00000000f5b80000,0x00000000f6c80000,0x00000000f6c80000)
  from space 1024K, 100% used [0x00000000f6c80000,0x00000000f6d80000,0x00000000f6d80000)
  to   space 4096K, 0% used [0x00000000f8180000,0x00000000f8180000,0x00000000f8580000)
 ParOldGen       total 22016K, used 8002K [0x00000000e1200000, 0x00000000e2780000, 0x00000000f5b80000)
  object space 22016K, 36% used [0x00000000e1200000,0x00000000e19d0b48,0x00000000e2780000)
 Metaspace       used 15782K, capacity 16112K, committed 16384K, reserved 1062912K
  class space    used 1906K, capacity 2044K, committed 2048K, reserved 1048576K
Event: 6.131 GC heap after
Heap after GC invocations=6 (full 0):
 PSYoungGen      total 38400K, used 3973K [0x00000000f5b80000, 0x00000000f8680000, 0x0000000100000000)
  eden space 34304K, 0% used [0x00000000f5b80000,0x00000000f5b80000,0x00000000f7d00000)
  from space 4096K, 96% used [0x00000000f8180000,0x00000000f8561470,0x00000000f8580000)
  to   space 4608K, 0% used [0x00000000f7d00000,0x00000000f7d00000,0x00000000f8180000)
 ParOldGen       total 22016K, used 8010K [0x00000000e1200000, 0x00000000e2780000, 0x00000000f5b80000)
  object space 22016K, 36% used [0x00000000e1200000,0x00000000e19d2b48,0x00000000e2780000)
 Metaspace       used 15782K, capacity 16112K, committed 16384K, reserved 1062912K
  class space    used 1906K, capacity 2044K, committed 2048K, reserved 1048576K
}

