# JRE version: OpenJDK Runtime Environment (8.0_222-b10) (build 1.8.0_222-b10)
# Java VM: OpenJDK 64-Bit Server VM (25.222-b10 mixed mode windows-amd64 compressed oops)
Heap:
 garbage-first heap   total 32768K, used 20862K [0x00000000c0000000, 0x00000000c0100100, 0x0000000100000000)
  region size 1024K, 2 young (2048K), 1 survivors (1024K)
 Metaspace       used 27009K, capacity 28228K, committed 28416K, reserved 1075200K
  class space    used 2883K, capacity 3301K, committed 3328K, reserved 1048576K
GC Heap History (10 events):
Event: 81.532 GC heap before
{Heap before GC invocations=12 (full 0):
 garbage-first heap   total 32768K, used 25631K [0x00000000c0000000, 0x00000000c0100100, 0x0000000100000000)
  region size 1024K, 14 young (14336K), 1 survivors (1024K)
 Metaspace       used 20397K, capacity 21456K, committed 21632K, reserved 1069056K
  class space    used 2034K, capacity 2389K, committed 2432K, reserved 1048576K
Event: 81.550 GC heap after
Heap after GC invocations=13 (full 0):
 garbage-first heap   total 32768K, used 13914K [0x00000000c0000000, 0x00000000c0100100, 0x0000000100000000)
  region size 1024K, 2 young (2048K), 2 survivors (2048K)
 Metaspace       used 20397K, capacity 21456K, committed 21632K, reserved 1069056K
  class space    used 2034K, capacity 2389K, committed 2432K, reserved 1048576K
}
Event: 82.854 GC heap before
{Heap before GC invocations=13 (full 0):
 garbage-first heap   total 32768K, used 26202K [0x00000000c0000000, 0x00000000c0100100, 0x0000000100000000)
  region size 1024K, 14 young (14336K), 2 survivors (2048K)
 Metaspace       used 21681K, capacity 22732K, committed 22784K, reserved 1069056K
  class space    used 2190K, capacity 2554K, committed 2560K, reserved 1048576K
Event: 82.865 GC heap after
Heap after GC invocations=14 (full 0):
 garbage-first heap   total 32768K, used 15089K [0x00000000c0000000, 0x00000000c0100100, 0x0000000100000000)
  region size 1024K, 2 young (2048K), 2 survivors (2048K)
 Metaspace       used 21681K, capacity 22732K, committed 22784K, reserved 1069056K
  class space    used 2190K, capacity 2554K, committed 2560K, reserved 1048576K
}
Event: 87.838 GC heap before
{Heap before GC invocations=14 (full 0):
 garbage-first heap   total 32768K, used 26353K [0x00000000c0000000, 0x00000000c0100100, 0x0000000100000000)
  region size 1024K, 13 young (13312K), 2 survivors (2048K)
 Metaspace       used 23763K, capacity 24838K, committed 24960K, reserved 1071104K
  class space    used 2450K, capacity 2850K, committed 2944K, reserved 1048576K
Event: 87.853 GC heap after
Heap after GC invocations=15 (full 0):
 garbage-first heap   total 32768K, used 17399K [0x00000000c0000000, 0x00000000c0100100, 0x0000000100000000)
  region size 1024K, 2 young (2048K), 2 survivors (2048K)
 Metaspace       used 23763K, capacity 24838K, committed 24960K, reserved 1071104K
  class space    used 2450K, capacity 2850K, committed 2944K, reserved 1048576K
}
Event: 112.557 GC heap before
{Heap before GC invocations=15 (full 0):
 garbage-first heap   total 32768K, used 26615K [0x00000000c0000000, 0x00000000c0100100, 0x0000000100000000)
  region size 1024K, 11 young (11264K), 2 survivors (2048K)
 Metaspace       used 26926K, capacity 28130K, committed 28416K, reserved 1075200K
  class space    used 2868K, capacity 3258K, committed 3328K, reserved 1048576K
Event: 112.980 GC heap after
Heap after GC invocations=16 (full 0):
 garbage-first heap   total 32768K, used 20226K [0x00000000c0000000, 0x00000000c0100100, 0x0000000100000000)
  region size 1024K, 2 young (2048K), 2 survivors (2048K)
 Metaspace       used 26926K, capacity 28130K, committed 28416K, reserved 1075200K
  class space    used 2868K, capacity 3258K, committed 3328K, reserved 1048576K
}
Event: 119.684 GC heap before
{Heap before GC invocations=17 (full 0):
 garbage-first heap   total 32768K, used 19202K [0x00000000c0000000, 0x00000000c0100100, 0x0000000100000000)
  region size 1024K, 3 young (3072K), 2 survivors (2048K)
 Metaspace       used 27006K, capacity 28228K, committed 28416K, reserved 1075200K
  class space    used 2883K, capacity 3301K, committed 3328K, reserved 1048576K
Event: 119.706 GC heap after
Heap after GC invocations=18 (full 0):
 garbage-first heap   total 32768K, used 20862K [0x00000000c0000000, 0x00000000c0100100, 0x0000000100000000)
  region size 1024K, 1 young (1024K), 1 survivors (1024K)
 Metaspace       used 27006K, capacity 28228K, committed 28416K, reserved 1075200K
  class space    used 2883K, capacity 3301K, committed 3328K, reserved 1048576K
}

