# JRE version: OpenJDK Runtime Environment (8.0_222-b10) (build 1.8.0_222-b10)
# Java VM: OpenJDK 64-Bit Server VM (25.222-b10 mixed mode windows-amd64 compressed oops)
Heap:
 PSYoungGen      total 59904K, used 37253K [0x00000000f5b80000, 0x00000000faa80000, 0x0000000100000000)
  eden space 55296K, 62% used [0x00000000f5b80000,0x00000000f7cfc998,0x00000000f9180000)
  from space 4608K, 64% used [0x00000000f9180000,0x00000000f9464c30,0x00000000f9600000)
  to   space 4608K, 0% used [0x00000000fa600000,0x00000000fa600000,0x00000000faa80000)
 ParOldGen       total 22016K, used 6344K [0x00000000e1200000, 0x00000000e2780000, 0x00000000f5b80000)
  object space 22016K, 28% used [0x00000000e1200000,0x00000000e1832320,0x00000000e2780000)
 Metaspace       used 24579K, capacity 25358K, committed 25600K, reserved 1071104K
  class space    used 3033K, capacity 3225K, committed 3328K, reserved 1048576K
GC Heap History (10 events):
Event: 10.617 GC heap before
{Heap before GC invocations=8 (full 0):
 PSYoungGen      total 19968K, used 19880K [0x00000000f5b80000, 0x00000000f8280000, 0x0000000100000000)
  eden space 17408K, 100% used [0x00000000f5b80000,0x00000000f6c80000,0x00000000f6c80000)
  from space 2560K, 96% used [0x00000000f6c80000,0x00000000f6eea1d8,0x00000000f6f00000)
  to   space 2560K, 0% used [0x00000000f8000000,0x00000000f8000000,0x00000000f8280000)
 ParOldGen       total 22016K, used 5499K [0x00000000e1200000, 0x00000000e2780000, 0x00000000f5b80000)
  object space 22016K, 24% used [0x00000000e1200000,0x00000000e175ef68,0x00000000e2780000)
 Metaspace       used 15192K, capacity 15700K, committed 16000K, reserved 1062912K
  class space    used 1913K, capacity 2054K, committed 2176K, reserved 1048576K
Event: 10.631 GC heap after
Heap after GC invocations=8 (full 0):
 PSYoungGen      total 36864K, used 2550K [0x00000000f5b80000, 0x00000000f8380000, 0x0000000100000000)
  eden space 34304K, 0% used [0x00000000f5b80000,0x00000000f5b80000,0x00000000f7d00000)
  from space 2560K, 99% used [0x00000000f8000000,0x00000000f827dac0,0x00000000f8280000)
  to   space 3072K, 0% used [0x00000000f7d00000,0x00000000f7d00000,0x00000000f8000000)
 ParOldGen       total 22016K, used 6028K [0x00000000e1200000, 0x00000000e2780000, 0x00000000f5b80000)
  object space 22016K, 27% used [0x00000000e1200000,0x00000000e17e31b0,0x00000000e2780000)
 Metaspace       used 15192K, capacity 15700K, committed 16000K, reserved 1062912K
  class space    used 1913K, capacity 2054K, committed 2176K, reserved 1048576K
}
Event: 13.253 GC heap before
{Heap before GC invocations=9 (full 0):
 PSYoungGen      total 36864K, used 36854K [0x00000000f5b80000, 0x00000000f8380000, 0x0000000100000000)
  eden space 34304K, 100% used [0x00000000f5b80000,0x00000000f7d00000,0x00000000f7d00000)
  from space 2560K, 99% used [0x00000000f8000000,0x00000000f827dac0,0x00000000f8280000)
  to   space 3072K, 0% used [0x00000000f7d00000,0x00000000f7d00000,0x00000000f8000000)
 ParOldGen       total 22016K, used 6028K [0x00000000e1200000, 0x00000000e2780000, 0x00000000f5b80000)
  object space 22016K, 27% used [0x00000000e1200000,0x00000000e17e31b0,0x00000000e2780000)
 Metaspace       used 19760K, capacity 20262K, committed 20608K, reserved 1067008K
  class space    used 2443K, capacity 2589K, committed 2688K, reserved 1048576K
Event: 13.290 GC heap after
Heap after GC invocations=9 (full 0):
 PSYoungGen      total 37376K, used 3069K [0x00000000f5b80000, 0x00000000f9a80000, 0x0000000100000000)
  eden space 34304K, 0% used [0x00000000f5b80000,0x00000000f5b80000,0x00000000f7d00000)
  from space 3072K, 99% used [0x00000000f7d00000,0x00000000f7fff6c0,0x00000000f8000000)
  to   space 4608K, 0% used [0x00000000f9600000,0x00000000f9600000,0x00000000f9a80000)
 ParOldGen       total 22016K, used 8929K [0x00000000e1200000, 0x00000000e2780000, 0x00000000f5b80000)
  object space 22016K, 40% used [0x00000000e1200000,0x00000000e1ab8660,0x00000000e2780000)
 Metaspace       used 19760K, capacity 20262K, committed 20608K, reserved 1067008K
  class space    used 2443K, capacity 2589K, committed 2688K, reserved 1048576K
}
Event: 14.143 GC heap before
{Heap before GC invocations=10 (full 0):
 PSYoungGen      total 37376K, used 11622K [0x00000000f5b80000, 0x00000000f9a80000, 0x0000000100000000)
  eden space 34304K, 24% used [0x00000000f5b80000,0x00000000f63da210,0x00000000f7d00000)
  from space 3072K, 99% used [0x00000000f7d00000,0x00000000f7fff6c0,0x00000000f8000000)
  to   space 4608K, 0% used [0x00000000f9600000,0x00000000f9600000,0x00000000f9a80000)
 ParOldGen       total 22016K, used 8929K [0x00000000e1200000, 0x00000000e2780000, 0x00000000f5b80000)
  object space 22016K, 40% used [0x00000000e1200000,0x00000000e1ab8660,0x00000000e2780000)
 Metaspace       used 20581K, capacity 21098K, committed 21248K, reserved 1067008K
  class space    used 2550K, capacity 2691K, committed 2816K, reserved 1048576K
Event: 14.161 GC heap after
Heap after GC invocations=10 (full 0):
 PSYoungGen      total 59904K, used 1678K [0x00000000f5b80000, 0x00000000f9a80000, 0x0000000100000000)
  eden space 55296K, 0% used [0x00000000f5b80000,0x00000000f5b80000,0x00000000f9180000)
  from space 4608K, 36% used [0x00000000f9600000,0x00000000f97a3970,0x00000000f9a80000)
  to   space 4608K, 0% used [0x00000000f9180000,0x00000000f9180000,0x00000000f9600000)
 ParOldGen       total 22016K, used 9909K [0x00000000e1200000, 0x00000000e2780000, 0x00000000f5b80000)
  object space 22016K, 45% used [0x00000000e1200000,0x00000000e1bad678,0x00000000e2780000)
 Metaspace       used 20581K, capacity 21098K, committed 21248K, reserved 1067008K
  class space    used 2550K, capacity 2691K, committed 2816K, reserved 1048576K
}
Event: 14.161 GC heap before
{Heap before GC invocations=11 (full 1):
 PSYoungGen      total 59904K, used 1678K [0x00000000f5b80000, 0x00000000f9a80000, 0x0000000100000000)
  eden space 55296K, 0% used [0x00000000f5b80000,0x00000000f5b80000,0x00000000f9180000)
  from space 4608K, 36% used [0x00000000f9600000,0x00000000f97a3970,0x00000000f9a80000)
  to   space 4608K, 0% used [0x00000000f9180000,0x00000000f9180000,0x00000000f9600000)
 ParOldGen       total 22016K, used 9909K [0x00000000e1200000, 0x00000000e2780000, 0x00000000f5b80000)
  object space 22016K, 45% used [0x00000000e1200000,0x00000000e1bad678,0x00000000e2780000)
 Metaspace       used 20581K, capacity 21098K, committed 21248K, reserved 1067008K
  class space    used 2550K, capacity 2691K, committed 2816K, reserved 1048576K
Event: 14.352 GC heap after
Heap after GC invocations=11 (full 1):
 PSYoungGen      total 59904K, used 0K [0x00000000f5b80000, 0x00000000f9a80000, 0x0000000100000000)
  eden space 55296K, 0% used [0x00000000f5b80000,0x00000000f5b80000,0x00000000f9180000)
  from space 4608K, 0% used [0x00000000f9600000,0x00000000f9600000,0x00000000f9a80000)
  to   space 4608K, 0% used [0x00000000f9180000,0x00000000f9180000,0x00000000f9600000)
 ParOldGen       total 22016K, used 6336K [0x00000000e1200000, 0x00000000e2780000, 0x00000000f5b80000)
  object space 22016K, 28% used [0x00000000e1200000,0x00000000e1830320,0x00000000e2780000)
 Metaspace       used 20579K, capacity 21092K, committed 21248K, reserved 1067008K
  class space    used 2549K, capacity 2690K, committed 2816K, reserved 1048576K
}
Event: 16.772 GC heap before
{Heap before GC invocations=12 (full 1):
 PSYoungGen      total 59904K, used 55296K [0x00000000f5b80000, 0x00000000f9a80000, 0x0000000100000000)
  eden space 55296K, 100% used [0x00000000f5b80000,0x00000000f9180000,0x00000000f9180000)
  from space 4608K, 0% used [0x00000000f9600000,0x00000000f9600000,0x00000000f9a80000)
  to   space 4608K, 0% used [0x00000000f9180000,0x00000000f9180000,0x00000000f9600000)
 ParOldGen       total 22016K, used 6336K [0x00000000e1200000, 0x00000000e2780000, 0x00000000f5b80000)
  object space 22016K, 28% used [0x00000000e1200000,0x00000000e1830320,0x00000000e2780000)
 Metaspace       used 23372K, capacity 24020K, committed 24320K, reserved 1071104K
  class space    used 2861K, capacity 3020K, committed 3072K, reserved 1048576K
Event: 16.791 GC heap after
Heap after GC invocations=12 (full 1):
 PSYoungGen      total 59904K, used 2963K [0x00000000f5b80000, 0x00000000faa80000, 0x0000000100000000)
  eden space 55296K, 0% used [0x00000000f5b80000,0x00000000f5b80000,0x00000000f9180000)
  from space 4608K, 64% used [0x00000000f9180000,0x00000000f9464c30,0x00000000f9600000)
  to   space 4608K, 0% used [0x00000000fa600000,0x00000000fa600000,0x00000000faa80000)
 ParOldGen       total 22016K, used 6344K [0x00000000e1200000, 0x00000000e2780000, 0x00000000f5b80000)
  object space 22016K, 28% used [0x00000000e1200000,0x00000000e1832320,0x00000000e2780000)
 Metaspace       used 23372K, capacity 24020K, committed 24320K, reserved 1071104K
  class space    used 2861K, capacity 3020K, committed 3072K, reserved 1048576K
}

