# JRE version: OpenJDK Runtime Environment (8.0_222-b10) (build 1.8.0_222-b10)
# Java VM: OpenJDK 64-Bit Server VM (25.222-b10 mixed mode windows-amd64 compressed oops)
Heap:
 PSYoungGen      total 19968K, used 13472K [0x00000000f5b80000, 0x00000000f8280000, 0x0000000100000000)
  eden space 17408K, 64% used [0x00000000f5b80000,0x00000000f6685cf8,0x00000000f6c80000)
  from space 2560K, 85% used [0x00000000f6c80000,0x00000000f6ea2310,0x00000000f6f00000)
  to   space 2560K, 0% used [0x00000000f8000000,0x00000000f8000000,0x00000000f8280000)
 ParOldGen       total 22016K, used 5262K [0x00000000e1200000, 0x00000000e2780000, 0x00000000f5b80000)
  object space 22016K, 23% used [0x00000000e1200000,0x00000000e1723bd8,0x00000000e2780000)
 Metaspace       used 13934K, capacity 14342K, committed 14464K, reserved 1062912K
  class space    used 1759K, capacity 1863K, committed 1920K, reserved 1048576K
GC Heap History (10 events):
Event: 8.838 GC heap before
{Heap before GC invocations=3 (full 0):
 PSYoungGen      total 9728K, used 9698K [0x00000000f5b80000, 0x00000000f6600000, 0x0000000100000000)
  eden space 8704K, 100% used [0x00000000f5b80000,0x00000000f6400000,0x00000000f6400000)
  from space 1024K, 97% used [0x00000000f6500000,0x00000000f65f8a40,0x00000000f6600000)
  to   space 1024K, 0% used [0x00000000f6400000,0x00000000f6400000,0x00000000f6500000)
 ParOldGen       total 22016K, used 1930K [0x00000000e1200000, 0x00000000e2780000, 0x00000000f5b80000)
  object space 22016K, 8% used [0x00000000e1200000,0x00000000e13e2a48,0x00000000e2780000)
 Metaspace       used 8336K, capacity 8574K, committed 8704K, reserved 1056768K
  class space    used 936K, capacity 1007K, committed 1024K, reserved 1048576K
Event: 8.846 GC heap after
Heap after GC invocations=3 (full 0):
 PSYoungGen      total 9728K, used 1013K [0x00000000f5b80000, 0x00000000f6600000, 0x0000000100000000)
  eden space 8704K, 0% used [0x00000000f5b80000,0x00000000f5b80000,0x00000000f6400000)
  from space 1024K, 98% used [0x00000000f6400000,0x00000000f64fd548,0x00000000f6500000)
  to   space 1024K, 0% used [0x00000000f6500000,0x00000000f6500000,0x00000000f6600000)
 ParOldGen       total 22016K, used 2814K [0x00000000e1200000, 0x00000000e2780000, 0x00000000f5b80000)
  object space 22016K, 12% used [0x00000000e1200000,0x00000000e14bfa38,0x00000000e2780000)
 Metaspace       used 8336K, capacity 8574K, committed 8704K, reserved 1056768K
  class space    used 936K, capacity 1007K, committed 1024K, reserved 1048576K
}
Event: 9.528 GC heap before
{Heap before GC invocations=4 (full 0):
 PSYoungGen      total 9728K, used 9717K [0x00000000f5b80000, 0x00000000f6600000, 0x0000000100000000)
  eden space 8704K, 100% used [0x00000000f5b80000,0x00000000f6400000,0x00000000f6400000)
  from space 1024K, 98% used [0x00000000f6400000,0x00000000f64fd548,0x00000000f6500000)
  to   space 1024K, 0% used [0x00000000f6500000,0x00000000f6500000,0x00000000f6600000)
 ParOldGen       total 22016K, used 2814K [0x00000000e1200000, 0x00000000e2780000, 0x00000000f5b80000)
  object space 22016K, 12% used [0x00000000e1200000,0x00000000e14bfa38,0x00000000e2780000)
 Metaspace       used 10120K, capacity 10394K, committed 10496K, reserved 1058816K
  class space    used 1125K, capacity 1225K, committed 1280K, reserved 1048576K
Event: 9.542 GC heap after
Heap after GC invocations=4 (full 0):
 PSYoungGen      total 9728K, used 994K [0x00000000f5b80000, 0x00000000f6600000, 0x0000000100000000)
  eden space 8704K, 0% used [0x00000000f5b80000,0x00000000f5b80000,0x00000000f6400000)
  from space 1024K, 97% used [0x00000000f6500000,0x00000000f65f8a40,0x00000000f6600000)
  to   space 1024K, 0% used [0x00000000f6400000,0x00000000f6400000,0x00000000f6500000)
 ParOldGen       total 22016K, used 3957K [0x00000000e1200000, 0x00000000e2780000, 0x00000000f5b80000)
  object space 22016K, 17% used [0x00000000e1200000,0x00000000e15dd618,0x00000000e2780000)
 Metaspace       used 10120K, capacity 10394K, committed 10496K, reserved 1058816K
  class space    used 1125K, capacity 1225K, committed 1280K, reserved 1048576K
}
Event: 10.144 GC heap before
{Heap before GC invocations=5 (full 0):
 PSYoungGen      total 9728K, used 9698K [0x00000000f5b80000, 0x00000000f6600000, 0x0000000100000000)
  eden space 8704K, 100% used [0x00000000f5b80000,0x00000000f6400000,0x00000000f6400000)
  from space 1024K, 97% used [0x00000000f6500000,0x00000000f65f8a40,0x00000000f6600000)
  to   space 1024K, 0% used [0x00000000f6400000,0x00000000f6400000,0x00000000f6500000)
 ParOldGen       total 22016K, used 3957K [0x00000000e1200000, 0x00000000e2780000, 0x00000000f5b80000)
  object space 22016K, 17% used [0x00000000e1200000,0x00000000e15dd618,0x00000000e2780000)
 Metaspace       used 10962K, capacity 11330K, committed 11392K, reserved 1058816K
  class space    used 1266K, capacity 1385K, committed 1408K, reserved 1048576K
Event: 10.154 GC heap after
Heap after GC invocations=5 (full 0):
 PSYoungGen      total 9728K, used 1008K [0x00000000f5b80000, 0x00000000f7180000, 0x0000000100000000)
  eden space 8704K, 0% used [0x00000000f5b80000,0x00000000f5b80000,0x00000000f6400000)
  from space 1024K, 98% used [0x00000000f6400000,0x00000000f64fc010,0x00000000f6500000)
  to   space 2560K, 0% used [0x00000000f6f00000,0x00000000f6f00000,0x00000000f7180000)
 ParOldGen       total 22016K, used 4748K [0x00000000e1200000, 0x00000000e2780000, 0x00000000f5b80000)
  object space 22016K, 21% used [0x00000000e1200000,0x00000000e16a32a8,0x00000000e2780000)
 Metaspace       used 10962K, capacity 11330K, committed 11392K, reserved 1058816K
  class space    used 1266K, capacity 1385K, committed 1408K, reserved 1048576K
}
Event: 10.689 GC heap before
{Heap before GC invocations=6 (full 0):
 PSYoungGen      total 9728K, used 9712K [0x00000000f5b80000, 0x00000000f7180000, 0x0000000100000000)
  eden space 8704K, 100% used [0x00000000f5b80000,0x00000000f6400000,0x00000000f6400000)
  from space 1024K, 98% used [0x00000000f6400000,0x00000000f64fc010,0x00000000f6500000)
  to   space 2560K, 0% used [0x00000000f6f00000,0x00000000f6f00000,0x00000000f7180000)
 ParOldGen       total 22016K, used 4748K [0x00000000e1200000, 0x00000000e2780000, 0x00000000f5b80000)
  object space 22016K, 21% used [0x00000000e1200000,0x00000000e16a32a8,0x00000000e2780000)
 Metaspace       used 11872K, capacity 12210K, committed 12288K, reserved 1060864K
  class space    used 1406K, capacity 1501K, committed 1536K, reserved 1048576K
Event: 10.698 GC heap after
Heap after GC invocations=6 (full 0):
 PSYoungGen      total 19968K, used 1775K [0x00000000f5b80000, 0x00000000f7180000, 0x0000000100000000)
  eden space 17408K, 0% used [0x00000000f5b80000,0x00000000f5b80000,0x00000000f6c80000)
  from space 2560K, 69% used [0x00000000f6f00000,0x00000000f70bbd70,0x00000000f7180000)
  to   space 2560K, 0% used [0x00000000f6c80000,0x00000000f6c80000,0x00000000f6f00000)
 ParOldGen       total 22016K, used 4756K [0x00000000e1200000, 0x00000000e2780000, 0x00000000f5b80000)
  object space 22016K, 21% used [0x00000000e1200000,0x00000000e16a52a8,0x00000000e2780000)
 Metaspace       used 11872K, capacity 12210K, committed 12288K, reserved 1060864K
  class space    used 1406K, capacity 1501K, committed 1536K, reserved 1048576K
}
Event: 11.283 GC heap before
{Heap before GC invocations=7 (full 0):
 PSYoungGen      total 19968K, used 19183K [0x00000000f5b80000, 0x00000000f7180000, 0x0000000100000000)
  eden space 17408K, 100% used [0x00000000f5b80000,0x00000000f6c80000,0x00000000f6c80000)
  from space 2560K, 69% used [0x00000000f6f00000,0x00000000f70bbd70,0x00000000f7180000)
  to   space 2560K, 0% used [0x00000000f6c80000,0x00000000f6c80000,0x00000000f6f00000)
 ParOldGen       total 22016K, used 4756K [0x00000000e1200000, 0x00000000e2780000, 0x00000000f5b80000)
  object space 22016K, 21% used [0x00000000e1200000,0x00000000e16a52a8,0x00000000e2780000)
 Metaspace       used 12980K, capacity 13366K, committed 13568K, reserved 1060864K
  class space    used 1625K, capacity 1731K, committed 1792K, reserved 1048576K
Event: 11.296 GC heap after
Heap after GC invocations=7 (full 0):
 PSYoungGen      total 19968K, used 2184K [0x00000000f5b80000, 0x00000000f8280000, 0x0000000100000000)
  eden space 17408K, 0% used [0x00000000f5b80000,0x00000000f5b80000,0x00000000f6c80000)
  from space 2560K, 85% used [0x00000000f6c80000,0x00000000f6ea2310,0x00000000f6f00000)
  to   space 2560K, 0% used [0x00000000f8000000,0x00000000f8000000,0x00000000f8280000)
 ParOldGen       total 22016K, used 5262K [0x00000000e1200000, 0x00000000e2780000, 0x00000000f5b80000)
  object space 22016K, 23% used [0x00000000e1200000,0x00000000e1723bd8,0x00000000e2780000)
 Metaspace       used 12980K, capacity 13366K, committed 13568K, reserved 1060864K
  class space    used 1625K, capacity 1731K, committed 1792K, reserved 1048576K
}

